2023-12-20 15:07:25 INFO  main com.weng.system.JavaUtilsApplication Starting JavaUtilsApplication on LAPTOP-1DCAR7C2 with PID 18252 (E:\JavaOwnIdea\javaUtils\target\classes started by 23621 in E:\JavaOwnIdea\javaUtils)
2023-12-20 15:07:25 INFO  main com.weng.system.JavaUtilsApplication The following profiles are active: dev
2023-12-20 15:07:27 INFO  main org.springframework.data.repository.config.RepositoryConfigurationDelegate Multiple Spring Data modules found, entering strict repository configuration mode!
2023-12-20 15:07:27 INFO  main org.springframework.data.repository.config.RepositoryConfigurationDelegate Bootstrapping Spring Data repositories in DEFAULT mode.
2023-12-20 15:07:27 INFO  main org.springframework.data.repository.config.RepositoryConfigurationDelegate Finished Spring Data repository scanning in 14ms. Found 0 repository interfaces.
2023-12-20 15:07:27 INFO  main org.springframework.context.support.PostProcessorRegistrationDelegate$BeanPostProcessorChecker Bean 'spring.datasource.dynamic-com.baomidou.dynamic.datasource.spring.boot.autoconfigure.DynamicDataSourceProperties' of type [com.baomidou.dynamic.datasource.spring.boot.autoconfigure.DynamicDataSourceProperties] is not eligible for getting processed by all BeanPostProcessors (for example: not eligible for auto-proxying)
2023-12-20 15:07:27 INFO  main org.springframework.context.support.PostProcessorRegistrationDelegate$BeanPostProcessorChecker Bean 'com.baomidou.dynamic.datasource.spring.boot.autoconfigure.DynamicDataSourceAutoConfiguration' of type [com.baomidou.dynamic.datasource.spring.boot.autoconfigure.DynamicDataSourceAutoConfiguration$$EnhancerBySpringCGLIB$$7853d9a2] is not eligible for getting processed by all BeanPostProcessors (for example: not eligible for auto-proxying)
2023-12-20 15:07:27 INFO  main org.springframework.context.support.PostProcessorRegistrationDelegate$BeanPostProcessorChecker Bean 'dsProcessor' of type [com.baomidou.dynamic.datasource.processor.DsHeaderProcessor] is not eligible for getting processed by all BeanPostProcessors (for example: not eligible for auto-proxying)
2023-12-20 15:07:27 INFO  main org.springframework.context.support.PostProcessorRegistrationDelegate$BeanPostProcessorChecker Bean 'dynamicDatasourceAnnotationAdvisor' of type [com.baomidou.dynamic.datasource.aop.DynamicDataSourceAnnotationAdvisor] is not eligible for getting processed by all BeanPostProcessors (for example: not eligible for auto-proxying)
2023-12-20 15:07:27 INFO  main org.springframework.context.support.PostProcessorRegistrationDelegate$BeanPostProcessorChecker Bean 'org.springframework.transaction.annotation.ProxyTransactionManagementConfiguration' of type [org.springframework.transaction.annotation.ProxyTransactionManagementConfiguration] is not eligible for getting processed by all BeanPostProcessors (for example: not eligible for auto-proxying)
2023-12-20 15:07:27 INFO  main org.springframework.boot.web.embedded.tomcat.TomcatWebServer Tomcat initialized with port(s): 8080 (http)
2023-12-20 15:07:27 INFO  main org.apache.coyote.http11.Http11NioProtocol Initializing ProtocolHandler ["http-nio-8080"]
2023-12-20 15:07:27 INFO  main org.apache.catalina.core.StandardService Starting service [Tomcat]
2023-12-20 15:07:27 INFO  main org.apache.catalina.core.StandardEngine Starting Servlet engine: [Apache Tomcat/9.0.27]
2023-12-20 15:07:27 INFO  main org.apache.catalina.core.ContainerBase.[Tomcat].[localhost].[/javaUtils] Initializing Spring embedded WebApplicationContext
2023-12-20 15:07:27 INFO  main org.springframework.web.context.ContextLoader Root WebApplicationContext: initialization completed in 1713 ms
2023-12-20 15:07:27 INFO  main com.baomidou.dynamic.datasource.DynamicRoutingDataSource dynamic-datasource detect P6SPY plugin and enabled it
2023-12-20 15:07:27 INFO  main org.apache.catalina.core.StandardService Stopping service [Tomcat]
2023-12-20 15:07:27 INFO  main org.springframework.boot.autoconfigure.logging.ConditionEvaluationReportLoggingListener 

Error starting ApplicationContext. To display the conditions report re-run your application with 'debug' enabled.
2023-12-20 15:07:58 INFO  main com.weng.system.JavaUtilsApplication Starting JavaUtilsApplication on LAPTOP-1DCAR7C2 with PID 6196 (E:\JavaOwnIdea\javaUtils\target\classes started by 23621 in E:\JavaOwnIdea\javaUtils)
2023-12-20 15:07:58 INFO  main com.weng.system.JavaUtilsApplication The following profiles are active: dev
2023-12-20 15:07:59 INFO  main org.springframework.data.repository.config.RepositoryConfigurationDelegate Multiple Spring Data modules found, entering strict repository configuration mode!
2023-12-20 15:07:59 INFO  main org.springframework.data.repository.config.RepositoryConfigurationDelegate Bootstrapping Spring Data repositories in DEFAULT mode.
2023-12-20 15:07:59 INFO  main org.springframework.data.repository.config.RepositoryConfigurationDelegate Finished Spring Data repository scanning in 15ms. Found 0 repository interfaces.
2023-12-20 15:07:59 INFO  main org.springframework.context.support.PostProcessorRegistrationDelegate$BeanPostProcessorChecker Bean 'spring.datasource.dynamic-com.baomidou.dynamic.datasource.spring.boot.autoconfigure.DynamicDataSourceProperties' of type [com.baomidou.dynamic.datasource.spring.boot.autoconfigure.DynamicDataSourceProperties] is not eligible for getting processed by all BeanPostProcessors (for example: not eligible for auto-proxying)
2023-12-20 15:07:59 INFO  main org.springframework.context.support.PostProcessorRegistrationDelegate$BeanPostProcessorChecker Bean 'com.baomidou.dynamic.datasource.spring.boot.autoconfigure.DynamicDataSourceAutoConfiguration' of type [com.baomidou.dynamic.datasource.spring.boot.autoconfigure.DynamicDataSourceAutoConfiguration$$EnhancerBySpringCGLIB$$3efa6208] is not eligible for getting processed by all BeanPostProcessors (for example: not eligible for auto-proxying)
2023-12-20 15:07:59 INFO  main org.springframework.context.support.PostProcessorRegistrationDelegate$BeanPostProcessorChecker Bean 'dsProcessor' of type [com.baomidou.dynamic.datasource.processor.DsHeaderProcessor] is not eligible for getting processed by all BeanPostProcessors (for example: not eligible for auto-proxying)
2023-12-20 15:07:59 INFO  main org.springframework.context.support.PostProcessorRegistrationDelegate$BeanPostProcessorChecker Bean 'dynamicDatasourceAnnotationAdvisor' of type [com.baomidou.dynamic.datasource.aop.DynamicDataSourceAnnotationAdvisor] is not eligible for getting processed by all BeanPostProcessors (for example: not eligible for auto-proxying)
2023-12-20 15:07:59 INFO  main org.springframework.context.support.PostProcessorRegistrationDelegate$BeanPostProcessorChecker Bean 'org.springframework.transaction.annotation.ProxyTransactionManagementConfiguration' of type [org.springframework.transaction.annotation.ProxyTransactionManagementConfiguration] is not eligible for getting processed by all BeanPostProcessors (for example: not eligible for auto-proxying)
2023-12-20 15:07:59 INFO  main org.springframework.boot.web.embedded.tomcat.TomcatWebServer Tomcat initialized with port(s): 8080 (http)
2023-12-20 15:07:59 INFO  main org.apache.coyote.http11.Http11NioProtocol Initializing ProtocolHandler ["http-nio-8080"]
2023-12-20 15:07:59 INFO  main org.apache.catalina.core.StandardService Starting service [Tomcat]
2023-12-20 15:07:59 INFO  main org.apache.catalina.core.StandardEngine Starting Servlet engine: [Apache Tomcat/9.0.27]
2023-12-20 15:07:59 INFO  main org.apache.catalina.core.ContainerBase.[Tomcat].[localhost].[/javaUtils] Initializing Spring embedded WebApplicationContext
2023-12-20 15:07:59 INFO  main org.springframework.web.context.ContextLoader Root WebApplicationContext: initialization completed in 1332 ms
2023-12-20 15:07:59 INFO  main com.baomidou.dynamic.datasource.DynamicRoutingDataSource dynamic-datasource detect P6SPY plugin and enabled it
2023-12-20 15:07:59 INFO  main org.apache.catalina.core.StandardService Stopping service [Tomcat]
2023-12-20 15:07:59 INFO  main org.springframework.boot.autoconfigure.logging.ConditionEvaluationReportLoggingListener 

Error starting ApplicationContext. To display the conditions report re-run your application with 'debug' enabled.
2023-12-20 15:08:18 INFO  main com.weng.system.JavaUtilsApplication Starting JavaUtilsApplication on LAPTOP-1DCAR7C2 with PID 104 (E:\JavaOwnIdea\javaUtils\target\classes started by 23621 in E:\JavaOwnIdea\javaUtils)
2023-12-20 15:08:18 INFO  main com.weng.system.JavaUtilsApplication The following profiles are active: dev
2023-12-20 15:08:18 INFO  main org.springframework.data.repository.config.RepositoryConfigurationDelegate Multiple Spring Data modules found, entering strict repository configuration mode!
2023-12-20 15:08:18 INFO  main org.springframework.data.repository.config.RepositoryConfigurationDelegate Bootstrapping Spring Data repositories in DEFAULT mode.
2023-12-20 15:08:18 INFO  main org.springframework.data.repository.config.RepositoryConfigurationDelegate Finished Spring Data repository scanning in 15ms. Found 0 repository interfaces.
2023-12-20 15:08:19 INFO  main org.springframework.context.support.PostProcessorRegistrationDelegate$BeanPostProcessorChecker Bean 'spring.datasource.dynamic-com.baomidou.dynamic.datasource.spring.boot.autoconfigure.DynamicDataSourceProperties' of type [com.baomidou.dynamic.datasource.spring.boot.autoconfigure.DynamicDataSourceProperties] is not eligible for getting processed by all BeanPostProcessors (for example: not eligible for auto-proxying)
2023-12-20 15:08:19 INFO  main org.springframework.context.support.PostProcessorRegistrationDelegate$BeanPostProcessorChecker Bean 'com.baomidou.dynamic.datasource.spring.boot.autoconfigure.DynamicDataSourceAutoConfiguration' of type [com.baomidou.dynamic.datasource.spring.boot.autoconfigure.DynamicDataSourceAutoConfiguration$$EnhancerBySpringCGLIB$$d65c0f25] is not eligible for getting processed by all BeanPostProcessors (for example: not eligible for auto-proxying)
2023-12-20 15:08:19 INFO  main org.springframework.context.support.PostProcessorRegistrationDelegate$BeanPostProcessorChecker Bean 'dsProcessor' of type [com.baomidou.dynamic.datasource.processor.DsHeaderProcessor] is not eligible for getting processed by all BeanPostProcessors (for example: not eligible for auto-proxying)
2023-12-20 15:08:19 INFO  main org.springframework.context.support.PostProcessorRegistrationDelegate$BeanPostProcessorChecker Bean 'dynamicDatasourceAnnotationAdvisor' of type [com.baomidou.dynamic.datasource.aop.DynamicDataSourceAnnotationAdvisor] is not eligible for getting processed by all BeanPostProcessors (for example: not eligible for auto-proxying)
2023-12-20 15:08:19 INFO  main org.springframework.context.support.PostProcessorRegistrationDelegate$BeanPostProcessorChecker Bean 'org.springframework.transaction.annotation.ProxyTransactionManagementConfiguration' of type [org.springframework.transaction.annotation.ProxyTransactionManagementConfiguration] is not eligible for getting processed by all BeanPostProcessors (for example: not eligible for auto-proxying)
2023-12-20 15:08:19 INFO  main org.springframework.boot.web.embedded.tomcat.TomcatWebServer Tomcat initialized with port(s): 8080 (http)
2023-12-20 15:08:19 INFO  main org.apache.coyote.http11.Http11NioProtocol Initializing ProtocolHandler ["http-nio-8080"]
2023-12-20 15:08:19 INFO  main org.apache.catalina.core.StandardService Starting service [Tomcat]
2023-12-20 15:08:19 INFO  main org.apache.catalina.core.StandardEngine Starting Servlet engine: [Apache Tomcat/9.0.27]
2023-12-20 15:08:19 INFO  main org.apache.catalina.core.ContainerBase.[Tomcat].[localhost].[/javaUtils] Initializing Spring embedded WebApplicationContext
2023-12-20 15:08:19 INFO  main org.springframework.web.context.ContextLoader Root WebApplicationContext: initialization completed in 1273 ms
2023-12-20 15:08:19 INFO  main com.baomidou.dynamic.datasource.DynamicRoutingDataSource dynamic-datasource detect P6SPY plugin and enabled it
2023-12-20 15:08:19 INFO  main com.zaxxer.hikari.HikariDataSource base - Starting...
2023-12-20 15:08:19 INFO  main com.zaxxer.hikari.HikariDataSource base - Start completed.
2023-12-20 15:08:19 INFO  main com.zaxxer.hikari.HikariDataSource quartz - Starting...
2023-12-20 15:08:19 INFO  main com.zaxxer.hikari.HikariDataSource quartz - Start completed.
2023-12-20 15:08:19 INFO  main com.baomidou.dynamic.datasource.DynamicRoutingDataSource dynamic-datasource - load a datasource named [quartz] success
2023-12-20 15:08:19 INFO  main com.baomidou.dynamic.datasource.DynamicRoutingDataSource dynamic-datasource - load a datasource named [base] success
2023-12-20 15:08:19 INFO  main com.baomidou.dynamic.datasource.DynamicRoutingDataSource dynamic-datasource initial loaded [2] datasource,primary datasource named [base]
2023-12-20 15:08:24 INFO  main org.springframework.scheduling.concurrent.ThreadPoolTaskExecutor Initializing ExecutorService
2023-12-20 15:08:24 INFO  main org.springframework.scheduling.concurrent.ThreadPoolTaskExecutor Initializing ExecutorService 'AsyncThreadPool'
2023-12-20 15:08:25 INFO  main org.springframework.boot.actuate.endpoint.web.EndpointLinksResolver Exposing 2 endpoint(s) beneath base path '/actuator'
2023-12-20 15:08:27 INFO  main org.apache.rocketmq.spring.support.DefaultRocketMQListenerContainer running container: DefaultRocketMQListenerContainer{consumerGroup='java_utils_batch_test', nameServer='192.168.1.208:9876', topic='java_utils_batch_test', consumeMode=ORDERLY, selectorType=TAG, selectorExpression='*', messageModel=CLUSTERING}
2023-12-20 15:08:27 INFO  main org.apache.rocketmq.spring.autoconfigure.ListenerContainerConfiguration Register the listener to container, listenerBeanName:yuqingTraditionalmediaConsumer, containerBeanName:org.apache.rocketmq.spring.support.DefaultRocketMQListenerContainer_1
2023-12-20 15:08:27 INFO  main org.apache.coyote.http11.Http11NioProtocol Starting ProtocolHandler ["http-nio-8080"]
2023-12-20 15:08:27 INFO  main org.springframework.boot.web.embedded.tomcat.TomcatWebServer Tomcat started on port(s): 8080 (http) with context path '/javaUtils'
2023-12-20 15:08:27 INFO  main com.weng.system.JavaUtilsApplication Started JavaUtilsApplication in 9.74 seconds (JVM running for 10.978)
2023-12-20 15:23:00 INFO  NettyClientSelector_1 RocketmqRemoting closeChannel: close the connection to remote address[192.168.1.208:10911] result: true
2023-12-20 15:23:00 INFO  NettyClientSelector_1 RocketmqRemoting closeChannel: close the connection to remote address[192.168.1.208:9876] result: true
2023-12-20 15:23:00 INFO  SpringContextShutdownHook org.apache.rocketmq.spring.support.DefaultRocketMQListenerContainer container destroyed, DefaultRocketMQListenerContainer{consumerGroup='java_utils_batch_test', nameServer='192.168.1.208:9876', topic='java_utils_batch_test', consumeMode=ORDERLY, selectorType=TAG, selectorExpression='*', messageModel=CLUSTERING}
2023-12-20 15:23:00 INFO  SpringContextShutdownHook org.springframework.scheduling.concurrent.ThreadPoolTaskExecutor Shutting down ExecutorService 'AsyncThreadPool'
2023-12-20 15:23:00 INFO  NettyClientSelector_1 RocketmqRemoting closeChannel: close the connection to remote address[192.168.1.208:10911] result: true
2023-12-20 15:23:00 INFO  NettyClientSelector_1 RocketmqRemoting closeChannel: close the connection to remote address[192.168.1.208:9876] result: true
2023-12-20 15:23:00 INFO  NettyClientSelector_1 RocketmqRemoting closeChannel: close the connection to remote address[192.168.1.208:10911] result: true
2023-12-20 15:23:00 INFO  NettyClientSelector_1 RocketmqRemoting closeChannel: close the connection to remote address[192.168.1.208:9876] result: true
2023-12-20 15:23:00 INFO  SpringContextShutdownHook com.baomidou.dynamic.datasource.DynamicRoutingDataSource dynamic-datasource start closing ....
2023-12-20 15:23:00 INFO  SpringContextShutdownHook com.zaxxer.hikari.HikariDataSource quartz - Shutdown initiated...
2023-12-20 15:23:00 INFO  SpringContextShutdownHook com.zaxxer.hikari.HikariDataSource quartz - Shutdown completed.
2023-12-20 15:23:00 INFO  SpringContextShutdownHook com.zaxxer.hikari.HikariDataSource base - Shutdown initiated...
2023-12-20 15:23:00 INFO  SpringContextShutdownHook com.zaxxer.hikari.HikariDataSource base - Shutdown completed.
2023-12-20 15:23:00 INFO  SpringContextShutdownHook com.baomidou.dynamic.datasource.DynamicRoutingDataSource dynamic-datasource all closed success,bye
