2024-11-13 17:47:26 INFO  main com.weng.system.JavaUtilsApplication Starting JavaUtilsApplication on LAPTOP-1DCAR7C2 with PID 20492 (E:\JavaOwnIdea\javaUtils\target\classes started by 23621 in E:\JavaOwnIdea\javaUtils)
2024-11-13 17:47:26 INFO  main com.weng.system.JavaUtilsApplication The following profiles are active: dev
2024-11-13 17:47:27 INFO  main org.springframework.data.repository.config.RepositoryConfigurationDelegate Multiple Spring Data modules found, entering strict repository configuration mode!
2024-11-13 17:47:27 INFO  main org.springframework.data.repository.config.RepositoryConfigurationDelegate Bootstrapping Spring Data repositories in DEFAULT mode.
2024-11-13 17:47:27 INFO  main org.springframework.data.repository.config.RepositoryConfigurationDelegate Finished Spring Data repository scanning in 18ms. Found 0 repository interfaces.
2024-11-13 17:47:27 INFO  main org.springframework.context.support.PostProcessorRegistrationDelegate$BeanPostProcessorChecker Bean 'spring.datasource.dynamic-com.baomidou.dynamic.datasource.spring.boot.autoconfigure.DynamicDataSourceProperties' of type [com.baomidou.dynamic.datasource.spring.boot.autoconfigure.DynamicDataSourceProperties] is not eligible for getting processed by all BeanPostProcessors (for example: not eligible for auto-proxying)
2024-11-13 17:47:27 INFO  main org.springframework.context.support.PostProcessorRegistrationDelegate$BeanPostProcessorChecker Bean 'com.baomidou.dynamic.datasource.spring.boot.autoconfigure.DynamicDataSourceAutoConfiguration' of type [com.baomidou.dynamic.datasource.spring.boot.autoconfigure.DynamicDataSourceAutoConfiguration$$EnhancerBySpringCGLIB$$6feb845] is not eligible for getting processed by all BeanPostProcessors (for example: not eligible for auto-proxying)
2024-11-13 17:47:27 INFO  main org.springframework.context.support.PostProcessorRegistrationDelegate$BeanPostProcessorChecker Bean 'dsProcessor' of type [com.baomidou.dynamic.datasource.processor.DsHeaderProcessor] is not eligible for getting processed by all BeanPostProcessors (for example: not eligible for auto-proxying)
2024-11-13 17:47:27 INFO  main org.springframework.context.support.PostProcessorRegistrationDelegate$BeanPostProcessorChecker Bean 'dynamicDatasourceAnnotationAdvisor' of type [com.baomidou.dynamic.datasource.aop.DynamicDataSourceAnnotationAdvisor] is not eligible for getting processed by all BeanPostProcessors (for example: not eligible for auto-proxying)
2024-11-13 17:47:27 INFO  main org.springframework.context.support.PostProcessorRegistrationDelegate$BeanPostProcessorChecker Bean 'org.springframework.transaction.annotation.ProxyTransactionManagementConfiguration' of type [org.springframework.transaction.annotation.ProxyTransactionManagementConfiguration] is not eligible for getting processed by all BeanPostProcessors (for example: not eligible for auto-proxying)
2024-11-13 17:47:27 INFO  main org.springframework.boot.web.embedded.tomcat.TomcatWebServer Tomcat initialized with port(s): 8080 (http)
2024-11-13 17:47:27 INFO  main org.apache.coyote.http11.Http11NioProtocol Initializing ProtocolHandler ["http-nio-8080"]
2024-11-13 17:47:27 INFO  main org.apache.catalina.core.StandardService Starting service [Tomcat]
2024-11-13 17:47:27 INFO  main org.apache.catalina.core.StandardEngine Starting Servlet engine: [Apache Tomcat/9.0.27]
2024-11-13 17:47:27 INFO  main org.apache.catalina.core.ContainerBase.[Tomcat].[localhost].[/javaUtils] Initializing Spring embedded WebApplicationContext
2024-11-13 17:47:27 INFO  main org.springframework.web.context.ContextLoader Root WebApplicationContext: initialization completed in 1406 ms
2024-11-13 17:47:27 INFO  main com.baomidou.dynamic.datasource.DynamicRoutingDataSource dynamic-datasource detect P6SPY plugin and enabled it
2024-11-13 17:47:27 INFO  main com.zaxxer.hikari.HikariDataSource base - Starting...
2024-11-13 17:47:49 INFO  main org.apache.catalina.core.StandardService Stopping service [Tomcat]
2024-11-13 17:47:49 INFO  main org.springframework.boot.autoconfigure.logging.ConditionEvaluationReportLoggingListener 

Error starting ApplicationContext. To display the conditions report re-run your application with 'debug' enabled.
2024-11-13 17:48:31 INFO  main com.weng.system.JavaUtilsApplication Starting JavaUtilsApplication on LAPTOP-1DCAR7C2 with PID 19812 (E:\JavaOwnIdea\javaUtils\target\classes started by 23621 in E:\JavaOwnIdea\javaUtils)
2024-11-13 17:48:31 INFO  main com.weng.system.JavaUtilsApplication The following profiles are active: dev
2024-11-13 17:48:31 INFO  main org.springframework.data.repository.config.RepositoryConfigurationDelegate Multiple Spring Data modules found, entering strict repository configuration mode!
2024-11-13 17:48:31 INFO  main org.springframework.data.repository.config.RepositoryConfigurationDelegate Bootstrapping Spring Data repositories in DEFAULT mode.
2024-11-13 17:48:32 INFO  main org.springframework.data.repository.config.RepositoryConfigurationDelegate Finished Spring Data repository scanning in 18ms. Found 0 repository interfaces.
2024-11-13 17:48:32 INFO  main org.springframework.context.support.PostProcessorRegistrationDelegate$BeanPostProcessorChecker Bean 'spring.datasource.dynamic-com.baomidou.dynamic.datasource.spring.boot.autoconfigure.DynamicDataSourceProperties' of type [com.baomidou.dynamic.datasource.spring.boot.autoconfigure.DynamicDataSourceProperties] is not eligible for getting processed by all BeanPostProcessors (for example: not eligible for auto-proxying)
2024-11-13 17:48:32 INFO  main org.springframework.context.support.PostProcessorRegistrationDelegate$BeanPostProcessorChecker Bean 'com.baomidou.dynamic.datasource.spring.boot.autoconfigure.DynamicDataSourceAutoConfiguration' of type [com.baomidou.dynamic.datasource.spring.boot.autoconfigure.DynamicDataSourceAutoConfiguration$$EnhancerBySpringCGLIB$$f5c45226] is not eligible for getting processed by all BeanPostProcessors (for example: not eligible for auto-proxying)
2024-11-13 17:48:32 INFO  main org.springframework.context.support.PostProcessorRegistrationDelegate$BeanPostProcessorChecker Bean 'dsProcessor' of type [com.baomidou.dynamic.datasource.processor.DsHeaderProcessor] is not eligible for getting processed by all BeanPostProcessors (for example: not eligible for auto-proxying)
2024-11-13 17:48:32 INFO  main org.springframework.context.support.PostProcessorRegistrationDelegate$BeanPostProcessorChecker Bean 'dynamicDatasourceAnnotationAdvisor' of type [com.baomidou.dynamic.datasource.aop.DynamicDataSourceAnnotationAdvisor] is not eligible for getting processed by all BeanPostProcessors (for example: not eligible for auto-proxying)
2024-11-13 17:48:32 INFO  main org.springframework.context.support.PostProcessorRegistrationDelegate$BeanPostProcessorChecker Bean 'org.springframework.transaction.annotation.ProxyTransactionManagementConfiguration' of type [org.springframework.transaction.annotation.ProxyTransactionManagementConfiguration] is not eligible for getting processed by all BeanPostProcessors (for example: not eligible for auto-proxying)
2024-11-13 17:48:32 INFO  main org.springframework.boot.web.embedded.tomcat.TomcatWebServer Tomcat initialized with port(s): 8080 (http)
2024-11-13 17:48:32 INFO  main org.apache.coyote.http11.Http11NioProtocol Initializing ProtocolHandler ["http-nio-8080"]
2024-11-13 17:48:32 INFO  main org.apache.catalina.core.StandardService Starting service [Tomcat]
2024-11-13 17:48:32 INFO  main org.apache.catalina.core.StandardEngine Starting Servlet engine: [Apache Tomcat/9.0.27]
2024-11-13 17:48:32 INFO  main org.apache.catalina.core.ContainerBase.[Tomcat].[localhost].[/javaUtils] Initializing Spring embedded WebApplicationContext
2024-11-13 17:48:32 INFO  main org.springframework.web.context.ContextLoader Root WebApplicationContext: initialization completed in 1288 ms
2024-11-13 17:48:32 INFO  main com.baomidou.dynamic.datasource.DynamicRoutingDataSource dynamic-datasource detect P6SPY plugin and enabled it
2024-11-13 17:48:32 INFO  main com.zaxxer.hikari.HikariDataSource base - Starting...
2024-11-13 17:48:53 INFO  main org.apache.catalina.core.StandardService Stopping service [Tomcat]
2024-11-13 17:48:53 INFO  main org.springframework.boot.autoconfigure.logging.ConditionEvaluationReportLoggingListener 

Error starting ApplicationContext. To display the conditions report re-run your application with 'debug' enabled.
2024-11-13 17:51:21 INFO  main com.weng.system.JavaUtilsApplication Starting JavaUtilsApplication on LAPTOP-1DCAR7C2 with PID 8072 (E:\JavaOwnIdea\javaUtils\target\classes started by 23621 in E:\JavaOwnIdea\javaUtils)
2024-11-13 17:51:21 INFO  main com.weng.system.JavaUtilsApplication The following profiles are active: dev
2024-11-13 17:51:21 INFO  main org.springframework.data.repository.config.RepositoryConfigurationDelegate Multiple Spring Data modules found, entering strict repository configuration mode!
2024-11-13 17:51:21 INFO  main org.springframework.data.repository.config.RepositoryConfigurationDelegate Bootstrapping Spring Data repositories in DEFAULT mode.
2024-11-13 17:51:21 INFO  main org.springframework.data.repository.config.RepositoryConfigurationDelegate Finished Spring Data repository scanning in 18ms. Found 0 repository interfaces.
2024-11-13 17:51:22 INFO  main org.springframework.context.support.PostProcessorRegistrationDelegate$BeanPostProcessorChecker Bean 'spring.datasource.dynamic-com.baomidou.dynamic.datasource.spring.boot.autoconfigure.DynamicDataSourceProperties' of type [com.baomidou.dynamic.datasource.spring.boot.autoconfigure.DynamicDataSourceProperties] is not eligible for getting processed by all BeanPostProcessors (for example: not eligible for auto-proxying)
2024-11-13 17:51:22 INFO  main org.springframework.context.support.PostProcessorRegistrationDelegate$BeanPostProcessorChecker Bean 'com.baomidou.dynamic.datasource.spring.boot.autoconfigure.DynamicDataSourceAutoConfiguration' of type [com.baomidou.dynamic.datasource.spring.boot.autoconfigure.DynamicDataSourceAutoConfiguration$$EnhancerBySpringCGLIB$$30675abb] is not eligible for getting processed by all BeanPostProcessors (for example: not eligible for auto-proxying)
2024-11-13 17:51:22 INFO  main org.springframework.context.support.PostProcessorRegistrationDelegate$BeanPostProcessorChecker Bean 'dsProcessor' of type [com.baomidou.dynamic.datasource.processor.DsHeaderProcessor] is not eligible for getting processed by all BeanPostProcessors (for example: not eligible for auto-proxying)
2024-11-13 17:51:22 INFO  main org.springframework.context.support.PostProcessorRegistrationDelegate$BeanPostProcessorChecker Bean 'dynamicDatasourceAnnotationAdvisor' of type [com.baomidou.dynamic.datasource.aop.DynamicDataSourceAnnotationAdvisor] is not eligible for getting processed by all BeanPostProcessors (for example: not eligible for auto-proxying)
2024-11-13 17:51:22 INFO  main org.springframework.context.support.PostProcessorRegistrationDelegate$BeanPostProcessorChecker Bean 'org.springframework.transaction.annotation.ProxyTransactionManagementConfiguration' of type [org.springframework.transaction.annotation.ProxyTransactionManagementConfiguration] is not eligible for getting processed by all BeanPostProcessors (for example: not eligible for auto-proxying)
2024-11-13 17:51:22 INFO  main org.springframework.boot.web.embedded.tomcat.TomcatWebServer Tomcat initialized with port(s): 8080 (http)
2024-11-13 17:51:22 INFO  main org.apache.coyote.http11.Http11NioProtocol Initializing ProtocolHandler ["http-nio-8080"]
2024-11-13 17:51:22 INFO  main org.apache.catalina.core.StandardService Starting service [Tomcat]
2024-11-13 17:51:22 INFO  main org.apache.catalina.core.StandardEngine Starting Servlet engine: [Apache Tomcat/9.0.27]
2024-11-13 17:51:22 INFO  main org.apache.catalina.core.ContainerBase.[Tomcat].[localhost].[/javaUtils] Initializing Spring embedded WebApplicationContext
2024-11-13 17:51:22 INFO  main org.springframework.web.context.ContextLoader Root WebApplicationContext: initialization completed in 1342 ms
2024-11-13 17:51:22 INFO  main com.baomidou.dynamic.datasource.DynamicRoutingDataSource dynamic-datasource detect P6SPY plugin and enabled it
2024-11-13 17:51:22 INFO  main com.zaxxer.hikari.HikariDataSource base - Starting...
2024-11-13 17:51:23 INFO  main com.zaxxer.hikari.HikariDataSource base - Start completed.
2024-11-13 17:51:23 INFO  main com.zaxxer.hikari.HikariDataSource quartz - Starting...
2024-11-13 17:51:23 INFO  main com.zaxxer.hikari.HikariDataSource quartz - Start completed.
2024-11-13 17:51:23 INFO  main com.baomidou.dynamic.datasource.DynamicRoutingDataSource dynamic-datasource - load a datasource named [quartz] success
2024-11-13 17:51:23 INFO  main com.baomidou.dynamic.datasource.DynamicRoutingDataSource dynamic-datasource - load a datasource named [base] success
2024-11-13 17:51:23 INFO  main com.baomidou.dynamic.datasource.DynamicRoutingDataSource dynamic-datasource initial loaded [2] datasource,primary datasource named [base]
2024-11-13 17:51:28 INFO  main org.springframework.scheduling.concurrent.ThreadPoolTaskExecutor Initializing ExecutorService
2024-11-13 17:51:28 INFO  main org.springframework.scheduling.concurrent.ThreadPoolTaskExecutor Initializing ExecutorService 'AsyncThreadPool'
2024-11-13 17:51:29 INFO  main org.springframework.boot.actuate.endpoint.web.EndpointLinksResolver Exposing 2 endpoint(s) beneath base path '/actuator'
2024-11-13 17:51:31 INFO  main org.apache.rocketmq.spring.support.DefaultRocketMQListenerContainer running container: DefaultRocketMQListenerContainer{consumerGroup='java_utils_batch_test', nameServer='192.168.1.208:9876', topic='java_utils_batch_test', consumeMode=ORDERLY, selectorType=TAG, selectorExpression='*', messageModel=CLUSTERING}
2024-11-13 17:51:31 INFO  main org.apache.rocketmq.spring.autoconfigure.ListenerContainerConfiguration Register the listener to container, listenerBeanName:yuqingTraditionalmediaConsumer, containerBeanName:org.apache.rocketmq.spring.support.DefaultRocketMQListenerContainer_1
2024-11-13 17:51:31 INFO  main org.apache.coyote.http11.Http11NioProtocol Starting ProtocolHandler ["http-nio-8080"]
2024-11-13 17:51:31 INFO  main org.springframework.boot.web.embedded.tomcat.TomcatWebServer Tomcat started on port(s): 8080 (http) with context path '/javaUtils'
2024-11-13 17:51:31 INFO  main com.weng.system.JavaUtilsApplication Started JavaUtilsApplication in 10.914 seconds (JVM running for 12.157)
2024-11-13 17:51:37 INFO  http-nio-8080-exec-1 org.apache.catalina.core.ContainerBase.[Tomcat].[localhost].[/javaUtils] Initializing Spring DispatcherServlet 'dispatcherServlet'
2024-11-13 17:51:37 INFO  http-nio-8080-exec-1 org.springframework.web.servlet.DispatcherServlet Initializing Servlet 'dispatcherServlet'
2024-11-13 17:51:37 INFO  http-nio-8080-exec-1 org.springframework.web.servlet.DispatcherServlet Completed initialization in 4 ms
2024-11-13 18:39:45 INFO  NettyClientSelector_1 RocketmqRemoting closeChannel: close the connection to remote address[192.168.1.208:10911] result: true
2024-11-13 18:39:45 INFO  NettyClientSelector_1 RocketmqRemoting closeChannel: close the connection to remote address[192.168.1.208:9876] result: true
2024-11-13 18:39:45 INFO  SpringContextShutdownHook org.apache.rocketmq.spring.support.DefaultRocketMQListenerContainer container destroyed, DefaultRocketMQListenerContainer{consumerGroup='java_utils_batch_test', nameServer='192.168.1.208:9876', topic='java_utils_batch_test', consumeMode=ORDERLY, selectorType=TAG, selectorExpression='*', messageModel=CLUSTERING}
2024-11-13 18:39:45 INFO  SpringContextShutdownHook org.springframework.scheduling.concurrent.ThreadPoolTaskExecutor Shutting down ExecutorService 'AsyncThreadPool'
2024-11-13 18:39:45 INFO  NettyClientSelector_1 RocketmqRemoting closeChannel: close the connection to remote address[192.168.1.208:10911] result: true
2024-11-13 18:39:45 INFO  NettyClientSelector_1 RocketmqRemoting closeChannel: close the connection to remote address[192.168.1.208:9876] result: true
2024-11-13 18:39:45 INFO  NettyClientSelector_1 RocketmqRemoting closeChannel: close the connection to remote address[192.168.1.208:10911] result: true
2024-11-13 18:39:45 INFO  NettyClientSelector_1 RocketmqRemoting closeChannel: close the connection to remote address[192.168.1.208:9876] result: true
2024-11-13 18:39:45 INFO  SpringContextShutdownHook com.baomidou.dynamic.datasource.DynamicRoutingDataSource dynamic-datasource start closing ....
2024-11-13 18:39:45 INFO  SpringContextShutdownHook com.zaxxer.hikari.HikariDataSource quartz - Shutdown initiated...
2024-11-13 18:39:45 INFO  SpringContextShutdownHook com.zaxxer.hikari.HikariDataSource quartz - Shutdown completed.
2024-11-13 18:39:45 INFO  SpringContextShutdownHook com.zaxxer.hikari.HikariDataSource base - Shutdown initiated...
2024-11-13 18:39:45 INFO  SpringContextShutdownHook com.zaxxer.hikari.HikariDataSource base - Shutdown completed.
2024-11-13 18:39:45 INFO  SpringContextShutdownHook com.baomidou.dynamic.datasource.DynamicRoutingDataSource dynamic-datasource all closed success,bye
2024-11-13 18:39:51 INFO  main com.weng.system.JavaUtilsApplication Starting JavaUtilsApplication on LAPTOP-1DCAR7C2 with PID 22636 (E:\JavaOwnIdea\javaUtils\target\classes started by 23621 in E:\JavaOwnIdea\javaUtils)
2024-11-13 18:39:51 INFO  main com.weng.system.JavaUtilsApplication The following profiles are active: dev
2024-11-13 18:39:51 INFO  main org.springframework.data.repository.config.RepositoryConfigurationDelegate Multiple Spring Data modules found, entering strict repository configuration mode!
2024-11-13 18:39:51 INFO  main org.springframework.data.repository.config.RepositoryConfigurationDelegate Bootstrapping Spring Data repositories in DEFAULT mode.
2024-11-13 18:39:51 INFO  main org.springframework.data.repository.config.RepositoryConfigurationDelegate Finished Spring Data repository scanning in 16ms. Found 0 repository interfaces.
2024-11-13 18:39:52 INFO  main org.springframework.context.support.PostProcessorRegistrationDelegate$BeanPostProcessorChecker Bean 'spring.datasource.dynamic-com.baomidou.dynamic.datasource.spring.boot.autoconfigure.DynamicDataSourceProperties' of type [com.baomidou.dynamic.datasource.spring.boot.autoconfigure.DynamicDataSourceProperties] is not eligible for getting processed by all BeanPostProcessors (for example: not eligible for auto-proxying)
2024-11-13 18:39:52 INFO  main org.springframework.context.support.PostProcessorRegistrationDelegate$BeanPostProcessorChecker Bean 'com.baomidou.dynamic.datasource.spring.boot.autoconfigure.DynamicDataSourceAutoConfiguration' of type [com.baomidou.dynamic.datasource.spring.boot.autoconfigure.DynamicDataSourceAutoConfiguration$$EnhancerBySpringCGLIB$$7833713] is not eligible for getting processed by all BeanPostProcessors (for example: not eligible for auto-proxying)
2024-11-13 18:39:52 INFO  main org.springframework.context.support.PostProcessorRegistrationDelegate$BeanPostProcessorChecker Bean 'dsProcessor' of type [com.baomidou.dynamic.datasource.processor.DsHeaderProcessor] is not eligible for getting processed by all BeanPostProcessors (for example: not eligible for auto-proxying)
2024-11-13 18:39:52 INFO  main org.springframework.context.support.PostProcessorRegistrationDelegate$BeanPostProcessorChecker Bean 'dynamicDatasourceAnnotationAdvisor' of type [com.baomidou.dynamic.datasource.aop.DynamicDataSourceAnnotationAdvisor] is not eligible for getting processed by all BeanPostProcessors (for example: not eligible for auto-proxying)
2024-11-13 18:39:52 INFO  main org.springframework.context.support.PostProcessorRegistrationDelegate$BeanPostProcessorChecker Bean 'org.springframework.transaction.annotation.ProxyTransactionManagementConfiguration' of type [org.springframework.transaction.annotation.ProxyTransactionManagementConfiguration] is not eligible for getting processed by all BeanPostProcessors (for example: not eligible for auto-proxying)
2024-11-13 18:39:52 INFO  main org.springframework.boot.web.embedded.tomcat.TomcatWebServer Tomcat initialized with port(s): 8080 (http)
2024-11-13 18:39:52 INFO  main org.apache.coyote.http11.Http11NioProtocol Initializing ProtocolHandler ["http-nio-8080"]
2024-11-13 18:39:52 INFO  main org.apache.catalina.core.StandardService Starting service [Tomcat]
2024-11-13 18:39:52 INFO  main org.apache.catalina.core.StandardEngine Starting Servlet engine: [Apache Tomcat/9.0.27]
2024-11-13 18:39:52 INFO  main org.apache.catalina.core.ContainerBase.[Tomcat].[localhost].[/javaUtils] Initializing Spring embedded WebApplicationContext
2024-11-13 18:39:52 INFO  main org.springframework.web.context.ContextLoader Root WebApplicationContext: initialization completed in 1335 ms
2024-11-13 18:39:52 INFO  main com.baomidou.dynamic.datasource.DynamicRoutingDataSource dynamic-datasource detect P6SPY plugin and enabled it
2024-11-13 18:39:52 INFO  main com.zaxxer.hikari.HikariDataSource base - Starting...
2024-11-13 18:39:53 INFO  main com.zaxxer.hikari.HikariDataSource base - Start completed.
2024-11-13 18:39:53 INFO  main com.zaxxer.hikari.HikariDataSource quartz - Starting...
2024-11-13 18:39:53 INFO  main com.zaxxer.hikari.HikariDataSource quartz - Start completed.
2024-11-13 18:39:53 INFO  main com.baomidou.dynamic.datasource.DynamicRoutingDataSource dynamic-datasource - load a datasource named [quartz] success
2024-11-13 18:39:53 INFO  main com.baomidou.dynamic.datasource.DynamicRoutingDataSource dynamic-datasource - load a datasource named [base] success
2024-11-13 18:39:53 INFO  main com.baomidou.dynamic.datasource.DynamicRoutingDataSource dynamic-datasource initial loaded [2] datasource,primary datasource named [base]
2024-11-13 18:39:58 INFO  main org.springframework.scheduling.concurrent.ThreadPoolTaskExecutor Initializing ExecutorService
2024-11-13 18:39:58 INFO  main org.springframework.scheduling.concurrent.ThreadPoolTaskExecutor Initializing ExecutorService 'AsyncThreadPool'
2024-11-13 18:39:58 INFO  main org.springframework.boot.actuate.endpoint.web.EndpointLinksResolver Exposing 2 endpoint(s) beneath base path '/actuator'
2024-11-13 18:40:00 INFO  main org.apache.rocketmq.spring.support.DefaultRocketMQListenerContainer running container: DefaultRocketMQListenerContainer{consumerGroup='java_utils_batch_test', nameServer='192.168.1.208:9876', topic='java_utils_batch_test', consumeMode=ORDERLY, selectorType=TAG, selectorExpression='*', messageModel=CLUSTERING}
2024-11-13 18:40:00 INFO  main org.apache.rocketmq.spring.autoconfigure.ListenerContainerConfiguration Register the listener to container, listenerBeanName:yuqingTraditionalmediaConsumer, containerBeanName:org.apache.rocketmq.spring.support.DefaultRocketMQListenerContainer_1
2024-11-13 18:40:00 INFO  main org.apache.coyote.http11.Http11NioProtocol Starting ProtocolHandler ["http-nio-8080"]
2024-11-13 18:40:00 INFO  main org.springframework.boot.web.embedded.tomcat.TomcatWebServer Tomcat started on port(s): 8080 (http) with context path '/javaUtils'
2024-11-13 18:40:00 INFO  main com.weng.system.JavaUtilsApplication Started JavaUtilsApplication in 10.286 seconds (JVM running for 11.581)
2024-11-13 18:40:12 INFO  http-nio-8080-exec-1 org.apache.catalina.core.ContainerBase.[Tomcat].[localhost].[/javaUtils] Initializing Spring DispatcherServlet 'dispatcherServlet'
2024-11-13 18:40:12 INFO  http-nio-8080-exec-1 org.springframework.web.servlet.DispatcherServlet Initializing Servlet 'dispatcherServlet'
2024-11-13 18:40:12 INFO  http-nio-8080-exec-1 org.springframework.web.servlet.DispatcherServlet Completed initialization in 5 ms
2024-11-13 18:42:17 INFO  NettyClientSelector_1 RocketmqRemoting closeChannel: close the connection to remote address[192.168.1.208:10911] result: true
2024-11-13 18:42:17 INFO  NettyClientSelector_1 RocketmqRemoting closeChannel: close the connection to remote address[192.168.1.208:9876] result: true
2024-11-13 18:42:17 INFO  SpringContextShutdownHook org.apache.rocketmq.spring.support.DefaultRocketMQListenerContainer container destroyed, DefaultRocketMQListenerContainer{consumerGroup='java_utils_batch_test', nameServer='192.168.1.208:9876', topic='java_utils_batch_test', consumeMode=ORDERLY, selectorType=TAG, selectorExpression='*', messageModel=CLUSTERING}
2024-11-13 18:42:17 INFO  SpringContextShutdownHook org.springframework.scheduling.concurrent.ThreadPoolTaskExecutor Shutting down ExecutorService 'AsyncThreadPool'
2024-11-13 18:42:17 INFO  NettyClientSelector_1 RocketmqRemoting closeChannel: close the connection to remote address[192.168.1.208:9876] result: true
2024-11-13 18:42:17 INFO  NettyClientSelector_1 RocketmqRemoting closeChannel: close the connection to remote address[192.168.1.208:10911] result: true
2024-11-13 18:42:17 INFO  NettyClientSelector_1 RocketmqRemoting closeChannel: close the connection to remote address[192.168.1.208:9876] result: true
2024-11-13 18:42:17 INFO  NettyClientSelector_1 RocketmqRemoting closeChannel: close the connection to remote address[192.168.1.208:10911] result: true
2024-11-13 18:42:17 INFO  SpringContextShutdownHook com.baomidou.dynamic.datasource.DynamicRoutingDataSource dynamic-datasource start closing ....
2024-11-13 18:42:17 INFO  SpringContextShutdownHook com.zaxxer.hikari.HikariDataSource quartz - Shutdown initiated...
2024-11-13 18:42:17 INFO  SpringContextShutdownHook com.zaxxer.hikari.HikariDataSource quartz - Shutdown completed.
2024-11-13 18:42:17 INFO  SpringContextShutdownHook com.zaxxer.hikari.HikariDataSource base - Shutdown initiated...
2024-11-13 18:42:17 INFO  SpringContextShutdownHook com.zaxxer.hikari.HikariDataSource base - Shutdown completed.
2024-11-13 18:42:17 INFO  SpringContextShutdownHook com.baomidou.dynamic.datasource.DynamicRoutingDataSource dynamic-datasource all closed success,bye
2024-11-13 18:42:22 INFO  main com.weng.system.JavaUtilsApplication Starting JavaUtilsApplication on LAPTOP-1DCAR7C2 with PID 5216 (E:\JavaOwnIdea\javaUtils\target\classes started by 23621 in E:\JavaOwnIdea\javaUtils)
2024-11-13 18:42:22 INFO  main com.weng.system.JavaUtilsApplication The following profiles are active: dev
2024-11-13 18:42:23 INFO  main org.springframework.data.repository.config.RepositoryConfigurationDelegate Multiple Spring Data modules found, entering strict repository configuration mode!
2024-11-13 18:42:23 INFO  main org.springframework.data.repository.config.RepositoryConfigurationDelegate Bootstrapping Spring Data repositories in DEFAULT mode.
2024-11-13 18:42:23 INFO  main org.springframework.data.repository.config.RepositoryConfigurationDelegate Finished Spring Data repository scanning in 18ms. Found 0 repository interfaces.
2024-11-13 18:42:23 INFO  main org.springframework.context.support.PostProcessorRegistrationDelegate$BeanPostProcessorChecker Bean 'spring.datasource.dynamic-com.baomidou.dynamic.datasource.spring.boot.autoconfigure.DynamicDataSourceProperties' of type [com.baomidou.dynamic.datasource.spring.boot.autoconfigure.DynamicDataSourceProperties] is not eligible for getting processed by all BeanPostProcessors (for example: not eligible for auto-proxying)
2024-11-13 18:42:23 INFO  main org.springframework.context.support.PostProcessorRegistrationDelegate$BeanPostProcessorChecker Bean 'com.baomidou.dynamic.datasource.spring.boot.autoconfigure.DynamicDataSourceAutoConfiguration' of type [com.baomidou.dynamic.datasource.spring.boot.autoconfigure.DynamicDataSourceAutoConfiguration$$EnhancerBySpringCGLIB$$456e8a89] is not eligible for getting processed by all BeanPostProcessors (for example: not eligible for auto-proxying)
2024-11-13 18:42:23 INFO  main org.springframework.context.support.PostProcessorRegistrationDelegate$BeanPostProcessorChecker Bean 'dsProcessor' of type [com.baomidou.dynamic.datasource.processor.DsHeaderProcessor] is not eligible for getting processed by all BeanPostProcessors (for example: not eligible for auto-proxying)
2024-11-13 18:42:23 INFO  main org.springframework.context.support.PostProcessorRegistrationDelegate$BeanPostProcessorChecker Bean 'dynamicDatasourceAnnotationAdvisor' of type [com.baomidou.dynamic.datasource.aop.DynamicDataSourceAnnotationAdvisor] is not eligible for getting processed by all BeanPostProcessors (for example: not eligible for auto-proxying)
2024-11-13 18:42:23 INFO  main org.springframework.context.support.PostProcessorRegistrationDelegate$BeanPostProcessorChecker Bean 'org.springframework.transaction.annotation.ProxyTransactionManagementConfiguration' of type [org.springframework.transaction.annotation.ProxyTransactionManagementConfiguration] is not eligible for getting processed by all BeanPostProcessors (for example: not eligible for auto-proxying)
2024-11-13 18:42:23 INFO  main org.springframework.boot.web.embedded.tomcat.TomcatWebServer Tomcat initialized with port(s): 8080 (http)
2024-11-13 18:42:23 INFO  main org.apache.coyote.http11.Http11NioProtocol Initializing ProtocolHandler ["http-nio-8080"]
2024-11-13 18:42:23 INFO  main org.apache.catalina.core.StandardService Starting service [Tomcat]
2024-11-13 18:42:23 INFO  main org.apache.catalina.core.StandardEngine Starting Servlet engine: [Apache Tomcat/9.0.27]
2024-11-13 18:42:24 INFO  main org.apache.catalina.core.ContainerBase.[Tomcat].[localhost].[/javaUtils] Initializing Spring embedded WebApplicationContext
2024-11-13 18:42:24 INFO  main org.springframework.web.context.ContextLoader Root WebApplicationContext: initialization completed in 1313 ms
2024-11-13 18:42:24 INFO  main com.baomidou.dynamic.datasource.DynamicRoutingDataSource dynamic-datasource detect P6SPY plugin and enabled it
2024-11-13 18:42:24 INFO  main com.zaxxer.hikari.HikariDataSource base - Starting...
2024-11-13 18:42:25 INFO  main com.zaxxer.hikari.HikariDataSource base - Start completed.
2024-11-13 18:42:25 INFO  main com.zaxxer.hikari.HikariDataSource quartz - Starting...
2024-11-13 18:42:25 INFO  main com.zaxxer.hikari.HikariDataSource quartz - Start completed.
2024-11-13 18:42:25 INFO  main com.baomidou.dynamic.datasource.DynamicRoutingDataSource dynamic-datasource - load a datasource named [quartz] success
2024-11-13 18:42:25 INFO  main com.baomidou.dynamic.datasource.DynamicRoutingDataSource dynamic-datasource - load a datasource named [base] success
2024-11-13 18:42:25 INFO  main com.baomidou.dynamic.datasource.DynamicRoutingDataSource dynamic-datasource initial loaded [2] datasource,primary datasource named [base]
2024-11-13 18:42:29 INFO  main org.springframework.scheduling.concurrent.ThreadPoolTaskExecutor Initializing ExecutorService
2024-11-13 18:42:29 INFO  main org.springframework.scheduling.concurrent.ThreadPoolTaskExecutor Initializing ExecutorService 'AsyncThreadPool'
2024-11-13 18:42:30 INFO  main org.springframework.boot.actuate.endpoint.web.EndpointLinksResolver Exposing 2 endpoint(s) beneath base path '/actuator'
2024-11-13 18:42:32 INFO  main org.apache.rocketmq.spring.support.DefaultRocketMQListenerContainer running container: DefaultRocketMQListenerContainer{consumerGroup='java_utils_batch_test', nameServer='192.168.1.208:9876', topic='java_utils_batch_test', consumeMode=ORDERLY, selectorType=TAG, selectorExpression='*', messageModel=CLUSTERING}
2024-11-13 18:42:32 INFO  main org.apache.rocketmq.spring.autoconfigure.ListenerContainerConfiguration Register the listener to container, listenerBeanName:yuqingTraditionalmediaConsumer, containerBeanName:org.apache.rocketmq.spring.support.DefaultRocketMQListenerContainer_1
2024-11-13 18:42:32 INFO  main org.apache.coyote.http11.Http11NioProtocol Starting ProtocolHandler ["http-nio-8080"]
2024-11-13 18:42:32 INFO  main org.springframework.boot.web.embedded.tomcat.TomcatWebServer Tomcat started on port(s): 8080 (http) with context path '/javaUtils'
2024-11-13 18:42:32 INFO  main com.weng.system.JavaUtilsApplication Started JavaUtilsApplication in 10.1 seconds (JVM running for 11.337)
2024-11-13 18:42:37 INFO  http-nio-8080-exec-1 org.apache.catalina.core.ContainerBase.[Tomcat].[localhost].[/javaUtils] Initializing Spring DispatcherServlet 'dispatcherServlet'
2024-11-13 18:42:37 INFO  http-nio-8080-exec-1 org.springframework.web.servlet.DispatcherServlet Initializing Servlet 'dispatcherServlet'
2024-11-13 18:42:37 INFO  http-nio-8080-exec-1 org.springframework.web.servlet.DispatcherServlet Completed initialization in 5 ms
2024-11-13 19:00:31 INFO  NettyClientSelector_1 RocketmqRemoting closeChannel: close the connection to remote address[192.168.1.208:10911] result: true
2024-11-13 19:00:31 INFO  NettyClientSelector_1 RocketmqRemoting closeChannel: close the connection to remote address[192.168.1.208:9876] result: true
2024-11-13 19:00:31 INFO  SpringContextShutdownHook org.apache.rocketmq.spring.support.DefaultRocketMQListenerContainer container destroyed, DefaultRocketMQListenerContainer{consumerGroup='java_utils_batch_test', nameServer='192.168.1.208:9876', topic='java_utils_batch_test', consumeMode=ORDERLY, selectorType=TAG, selectorExpression='*', messageModel=CLUSTERING}
2024-11-13 19:00:31 INFO  SpringContextShutdownHook org.springframework.scheduling.concurrent.ThreadPoolTaskExecutor Shutting down ExecutorService 'AsyncThreadPool'
2024-11-13 19:00:31 INFO  NettyClientSelector_1 RocketmqRemoting closeChannel: close the connection to remote address[192.168.1.208:10911] result: true
2024-11-13 19:00:31 INFO  NettyClientSelector_1 RocketmqRemoting closeChannel: close the connection to remote address[192.168.1.208:9876] result: true
2024-11-13 19:00:31 INFO  NettyClientSelector_1 RocketmqRemoting closeChannel: close the connection to remote address[192.168.1.208:10911] result: true
2024-11-13 19:00:31 INFO  NettyClientSelector_1 RocketmqRemoting closeChannel: close the connection to remote address[192.168.1.208:9876] result: true
2024-11-13 19:00:31 INFO  SpringContextShutdownHook com.baomidou.dynamic.datasource.DynamicRoutingDataSource dynamic-datasource start closing ....
2024-11-13 19:00:31 INFO  SpringContextShutdownHook com.zaxxer.hikari.HikariDataSource quartz - Shutdown initiated...
2024-11-13 19:00:31 INFO  SpringContextShutdownHook com.zaxxer.hikari.HikariDataSource quartz - Shutdown completed.
2024-11-13 19:00:31 INFO  SpringContextShutdownHook com.zaxxer.hikari.HikariDataSource base - Shutdown initiated...
2024-11-13 19:00:31 INFO  SpringContextShutdownHook com.zaxxer.hikari.HikariDataSource base - Shutdown completed.
2024-11-13 19:00:31 INFO  SpringContextShutdownHook com.baomidou.dynamic.datasource.DynamicRoutingDataSource dynamic-datasource all closed success,bye
2024-11-13 19:00:37 INFO  main com.weng.system.JavaUtilsApplication Starting JavaUtilsApplication on LAPTOP-1DCAR7C2 with PID 8656 (E:\JavaOwnIdea\javaUtils\target\classes started by 23621 in E:\JavaOwnIdea\javaUtils)
2024-11-13 19:00:37 INFO  main com.weng.system.JavaUtilsApplication The following profiles are active: dev
2024-11-13 19:00:38 INFO  main org.springframework.data.repository.config.RepositoryConfigurationDelegate Multiple Spring Data modules found, entering strict repository configuration mode!
2024-11-13 19:00:38 INFO  main org.springframework.data.repository.config.RepositoryConfigurationDelegate Bootstrapping Spring Data repositories in DEFAULT mode.
2024-11-13 19:00:38 INFO  main org.springframework.data.repository.config.RepositoryConfigurationDelegate Finished Spring Data repository scanning in 18ms. Found 0 repository interfaces.
2024-11-13 19:00:38 INFO  main org.springframework.context.support.PostProcessorRegistrationDelegate$BeanPostProcessorChecker Bean 'spring.datasource.dynamic-com.baomidou.dynamic.datasource.spring.boot.autoconfigure.DynamicDataSourceProperties' of type [com.baomidou.dynamic.datasource.spring.boot.autoconfigure.DynamicDataSourceProperties] is not eligible for getting processed by all BeanPostProcessors (for example: not eligible for auto-proxying)
2024-11-13 19:00:38 INFO  main org.springframework.context.support.PostProcessorRegistrationDelegate$BeanPostProcessorChecker Bean 'com.baomidou.dynamic.datasource.spring.boot.autoconfigure.DynamicDataSourceAutoConfiguration' of type [com.baomidou.dynamic.datasource.spring.boot.autoconfigure.DynamicDataSourceAutoConfiguration$$EnhancerBySpringCGLIB$$a68c406e] is not eligible for getting processed by all BeanPostProcessors (for example: not eligible for auto-proxying)
2024-11-13 19:00:38 INFO  main org.springframework.context.support.PostProcessorRegistrationDelegate$BeanPostProcessorChecker Bean 'dsProcessor' of type [com.baomidou.dynamic.datasource.processor.DsHeaderProcessor] is not eligible for getting processed by all BeanPostProcessors (for example: not eligible for auto-proxying)
2024-11-13 19:00:38 INFO  main org.springframework.context.support.PostProcessorRegistrationDelegate$BeanPostProcessorChecker Bean 'dynamicDatasourceAnnotationAdvisor' of type [com.baomidou.dynamic.datasource.aop.DynamicDataSourceAnnotationAdvisor] is not eligible for getting processed by all BeanPostProcessors (for example: not eligible for auto-proxying)
2024-11-13 19:00:38 INFO  main org.springframework.context.support.PostProcessorRegistrationDelegate$BeanPostProcessorChecker Bean 'org.springframework.transaction.annotation.ProxyTransactionManagementConfiguration' of type [org.springframework.transaction.annotation.ProxyTransactionManagementConfiguration] is not eligible for getting processed by all BeanPostProcessors (for example: not eligible for auto-proxying)
2024-11-13 19:00:38 INFO  main org.springframework.boot.web.embedded.tomcat.TomcatWebServer Tomcat initialized with port(s): 8080 (http)
2024-11-13 19:00:38 INFO  main org.apache.coyote.http11.Http11NioProtocol Initializing ProtocolHandler ["http-nio-8080"]
2024-11-13 19:00:38 INFO  main org.apache.catalina.core.StandardService Starting service [Tomcat]
2024-11-13 19:00:38 INFO  main org.apache.catalina.core.StandardEngine Starting Servlet engine: [Apache Tomcat/9.0.27]
2024-11-13 19:00:38 INFO  main org.apache.catalina.core.ContainerBase.[Tomcat].[localhost].[/javaUtils] Initializing Spring embedded WebApplicationContext
2024-11-13 19:00:38 INFO  main org.springframework.web.context.ContextLoader Root WebApplicationContext: initialization completed in 1296 ms
2024-11-13 19:00:39 INFO  main com.baomidou.dynamic.datasource.DynamicRoutingDataSource dynamic-datasource detect P6SPY plugin and enabled it
2024-11-13 19:00:39 INFO  main com.zaxxer.hikari.HikariDataSource base - Starting...
2024-11-13 19:00:39 INFO  main com.zaxxer.hikari.HikariDataSource base - Start completed.
2024-11-13 19:00:39 INFO  main com.zaxxer.hikari.HikariDataSource quartz - Starting...
2024-11-13 19:00:39 INFO  main com.zaxxer.hikari.HikariDataSource quartz - Start completed.
2024-11-13 19:00:39 INFO  main com.baomidou.dynamic.datasource.DynamicRoutingDataSource dynamic-datasource - load a datasource named [quartz] success
2024-11-13 19:00:39 INFO  main com.baomidou.dynamic.datasource.DynamicRoutingDataSource dynamic-datasource - load a datasource named [base] success
2024-11-13 19:00:39 INFO  main com.baomidou.dynamic.datasource.DynamicRoutingDataSource dynamic-datasource initial loaded [2] datasource,primary datasource named [base]
2024-11-13 19:00:44 INFO  main org.springframework.scheduling.concurrent.ThreadPoolTaskExecutor Initializing ExecutorService
2024-11-13 19:00:44 INFO  main org.springframework.scheduling.concurrent.ThreadPoolTaskExecutor Initializing ExecutorService 'AsyncThreadPool'
2024-11-13 19:00:44 INFO  main org.springframework.boot.actuate.endpoint.web.EndpointLinksResolver Exposing 2 endpoint(s) beneath base path '/actuator'
2024-11-13 19:00:47 INFO  main org.apache.rocketmq.spring.support.DefaultRocketMQListenerContainer running container: DefaultRocketMQListenerContainer{consumerGroup='java_utils_batch_test', nameServer='192.168.1.208:9876', topic='java_utils_batch_test', consumeMode=ORDERLY, selectorType=TAG, selectorExpression='*', messageModel=CLUSTERING}
2024-11-13 19:00:47 INFO  main org.apache.rocketmq.spring.autoconfigure.ListenerContainerConfiguration Register the listener to container, listenerBeanName:yuqingTraditionalmediaConsumer, containerBeanName:org.apache.rocketmq.spring.support.DefaultRocketMQListenerContainer_1
2024-11-13 19:00:47 INFO  main org.apache.coyote.http11.Http11NioProtocol Starting ProtocolHandler ["http-nio-8080"]
2024-11-13 19:00:47 INFO  main org.springframework.boot.web.embedded.tomcat.TomcatWebServer Tomcat started on port(s): 8080 (http) with context path '/javaUtils'
2024-11-13 19:00:47 INFO  main com.weng.system.JavaUtilsApplication Started JavaUtilsApplication in 10.214 seconds (JVM running for 11.509)
2024-11-13 19:00:54 INFO  http-nio-8080-exec-1 org.apache.catalina.core.ContainerBase.[Tomcat].[localhost].[/javaUtils] Initializing Spring DispatcherServlet 'dispatcherServlet'
2024-11-13 19:00:54 INFO  http-nio-8080-exec-1 org.springframework.web.servlet.DispatcherServlet Initializing Servlet 'dispatcherServlet'
2024-11-13 19:00:54 INFO  http-nio-8080-exec-1 org.springframework.web.servlet.DispatcherServlet Completed initialization in 5 ms
2024-11-13 19:03:48 INFO  NettyClientSelector_1 RocketmqRemoting closeChannel: close the connection to remote address[192.168.1.208:9876] result: true
2024-11-13 19:03:48 INFO  NettyClientSelector_1 RocketmqRemoting closeChannel: close the connection to remote address[192.168.1.208:10911] result: true
2024-11-13 19:03:48 INFO  SpringContextShutdownHook org.apache.rocketmq.spring.support.DefaultRocketMQListenerContainer container destroyed, DefaultRocketMQListenerContainer{consumerGroup='java_utils_batch_test', nameServer='192.168.1.208:9876', topic='java_utils_batch_test', consumeMode=ORDERLY, selectorType=TAG, selectorExpression='*', messageModel=CLUSTERING}
2024-11-13 19:03:48 INFO  SpringContextShutdownHook org.springframework.scheduling.concurrent.ThreadPoolTaskExecutor Shutting down ExecutorService 'AsyncThreadPool'
2024-11-13 19:03:48 INFO  NettyClientSelector_1 RocketmqRemoting closeChannel: close the connection to remote address[192.168.1.208:10911] result: true
2024-11-13 19:03:48 INFO  NettyClientSelector_1 RocketmqRemoting closeChannel: close the connection to remote address[192.168.1.208:9876] result: true
2024-11-13 19:03:48 INFO  NettyClientSelector_1 RocketmqRemoting closeChannel: close the connection to remote address[192.168.1.208:10911] result: true
2024-11-13 19:03:48 INFO  NettyClientSelector_1 RocketmqRemoting closeChannel: close the connection to remote address[192.168.1.208:9876] result: true
2024-11-13 19:03:48 INFO  SpringContextShutdownHook com.baomidou.dynamic.datasource.DynamicRoutingDataSource dynamic-datasource start closing ....
2024-11-13 19:03:48 INFO  SpringContextShutdownHook com.zaxxer.hikari.HikariDataSource quartz - Shutdown initiated...
2024-11-13 19:03:48 INFO  SpringContextShutdownHook com.zaxxer.hikari.HikariDataSource quartz - Shutdown completed.
2024-11-13 19:03:48 INFO  SpringContextShutdownHook com.zaxxer.hikari.HikariDataSource base - Shutdown initiated...
2024-11-13 19:03:48 INFO  SpringContextShutdownHook com.zaxxer.hikari.HikariDataSource base - Shutdown completed.
2024-11-13 19:03:48 INFO  SpringContextShutdownHook com.baomidou.dynamic.datasource.DynamicRoutingDataSource dynamic-datasource all closed success,bye
2024-11-13 19:03:54 INFO  main com.weng.system.JavaUtilsApplication Starting JavaUtilsApplication on LAPTOP-1DCAR7C2 with PID 7692 (E:\JavaOwnIdea\javaUtils\target\classes started by 23621 in E:\JavaOwnIdea\javaUtils)
2024-11-13 19:03:54 INFO  main com.weng.system.JavaUtilsApplication The following profiles are active: dev
2024-11-13 19:03:55 INFO  main org.springframework.data.repository.config.RepositoryConfigurationDelegate Multiple Spring Data modules found, entering strict repository configuration mode!
2024-11-13 19:03:55 INFO  main org.springframework.data.repository.config.RepositoryConfigurationDelegate Bootstrapping Spring Data repositories in DEFAULT mode.
2024-11-13 19:03:55 INFO  main org.springframework.data.repository.config.RepositoryConfigurationDelegate Finished Spring Data repository scanning in 20ms. Found 0 repository interfaces.
2024-11-13 19:03:55 INFO  main org.springframework.context.support.PostProcessorRegistrationDelegate$BeanPostProcessorChecker Bean 'spring.datasource.dynamic-com.baomidou.dynamic.datasource.spring.boot.autoconfigure.DynamicDataSourceProperties' of type [com.baomidou.dynamic.datasource.spring.boot.autoconfigure.DynamicDataSourceProperties] is not eligible for getting processed by all BeanPostProcessors (for example: not eligible for auto-proxying)
2024-11-13 19:03:55 INFO  main org.springframework.context.support.PostProcessorRegistrationDelegate$BeanPostProcessorChecker Bean 'com.baomidou.dynamic.datasource.spring.boot.autoconfigure.DynamicDataSourceAutoConfiguration' of type [com.baomidou.dynamic.datasource.spring.boot.autoconfigure.DynamicDataSourceAutoConfiguration$$EnhancerBySpringCGLIB$$fad28352] is not eligible for getting processed by all BeanPostProcessors (for example: not eligible for auto-proxying)
2024-11-13 19:03:55 INFO  main org.springframework.context.support.PostProcessorRegistrationDelegate$BeanPostProcessorChecker Bean 'dsProcessor' of type [com.baomidou.dynamic.datasource.processor.DsHeaderProcessor] is not eligible for getting processed by all BeanPostProcessors (for example: not eligible for auto-proxying)
2024-11-13 19:03:55 INFO  main org.springframework.context.support.PostProcessorRegistrationDelegate$BeanPostProcessorChecker Bean 'dynamicDatasourceAnnotationAdvisor' of type [com.baomidou.dynamic.datasource.aop.DynamicDataSourceAnnotationAdvisor] is not eligible for getting processed by all BeanPostProcessors (for example: not eligible for auto-proxying)
2024-11-13 19:03:55 INFO  main org.springframework.context.support.PostProcessorRegistrationDelegate$BeanPostProcessorChecker Bean 'org.springframework.transaction.annotation.ProxyTransactionManagementConfiguration' of type [org.springframework.transaction.annotation.ProxyTransactionManagementConfiguration] is not eligible for getting processed by all BeanPostProcessors (for example: not eligible for auto-proxying)
2024-11-13 19:03:55 INFO  main org.springframework.boot.web.embedded.tomcat.TomcatWebServer Tomcat initialized with port(s): 8080 (http)
2024-11-13 19:03:55 INFO  main org.apache.coyote.http11.Http11NioProtocol Initializing ProtocolHandler ["http-nio-8080"]
2024-11-13 19:03:55 INFO  main org.apache.catalina.core.StandardService Starting service [Tomcat]
2024-11-13 19:03:55 INFO  main org.apache.catalina.core.StandardEngine Starting Servlet engine: [Apache Tomcat/9.0.27]
2024-11-13 19:03:55 INFO  main org.apache.catalina.core.ContainerBase.[Tomcat].[localhost].[/javaUtils] Initializing Spring embedded WebApplicationContext
2024-11-13 19:03:55 INFO  main org.springframework.web.context.ContextLoader Root WebApplicationContext: initialization completed in 1349 ms
2024-11-13 19:03:55 INFO  main com.baomidou.dynamic.datasource.DynamicRoutingDataSource dynamic-datasource detect P6SPY plugin and enabled it
2024-11-13 19:03:55 INFO  main com.zaxxer.hikari.HikariDataSource base - Starting...
2024-11-13 19:03:56 INFO  main com.zaxxer.hikari.HikariDataSource base - Start completed.
2024-11-13 19:03:56 INFO  main com.zaxxer.hikari.HikariDataSource quartz - Starting...
2024-11-13 19:03:56 INFO  main com.zaxxer.hikari.HikariDataSource quartz - Start completed.
2024-11-13 19:03:56 INFO  main com.baomidou.dynamic.datasource.DynamicRoutingDataSource dynamic-datasource - load a datasource named [quartz] success
2024-11-13 19:03:56 INFO  main com.baomidou.dynamic.datasource.DynamicRoutingDataSource dynamic-datasource - load a datasource named [base] success
2024-11-13 19:03:56 INFO  main com.baomidou.dynamic.datasource.DynamicRoutingDataSource dynamic-datasource initial loaded [2] datasource,primary datasource named [base]
2024-11-13 19:04:01 INFO  main org.springframework.scheduling.concurrent.ThreadPoolTaskExecutor Initializing ExecutorService
2024-11-13 19:04:01 INFO  main org.springframework.scheduling.concurrent.ThreadPoolTaskExecutor Initializing ExecutorService 'AsyncThreadPool'
2024-11-13 19:04:02 INFO  main org.springframework.boot.actuate.endpoint.web.EndpointLinksResolver Exposing 2 endpoint(s) beneath base path '/actuator'
2024-11-13 19:04:04 INFO  main org.apache.rocketmq.spring.support.DefaultRocketMQListenerContainer running container: DefaultRocketMQListenerContainer{consumerGroup='java_utils_batch_test', nameServer='192.168.1.208:9876', topic='java_utils_batch_test', consumeMode=ORDERLY, selectorType=TAG, selectorExpression='*', messageModel=CLUSTERING}
2024-11-13 19:04:04 INFO  main org.apache.rocketmq.spring.autoconfigure.ListenerContainerConfiguration Register the listener to container, listenerBeanName:yuqingTraditionalmediaConsumer, containerBeanName:org.apache.rocketmq.spring.support.DefaultRocketMQListenerContainer_1
2024-11-13 19:04:04 INFO  main org.apache.coyote.http11.Http11NioProtocol Starting ProtocolHandler ["http-nio-8080"]
2024-11-13 19:04:04 INFO  main org.springframework.boot.web.embedded.tomcat.TomcatWebServer Tomcat started on port(s): 8080 (http) with context path '/javaUtils'
2024-11-13 19:04:04 INFO  main com.weng.system.JavaUtilsApplication Started JavaUtilsApplication in 10.638 seconds (JVM running for 11.973)
2024-11-13 19:04:20 INFO  http-nio-8080-exec-1 org.apache.catalina.core.ContainerBase.[Tomcat].[localhost].[/javaUtils] Initializing Spring DispatcherServlet 'dispatcherServlet'
2024-11-13 19:04:20 INFO  http-nio-8080-exec-1 org.springframework.web.servlet.DispatcherServlet Initializing Servlet 'dispatcherServlet'
2024-11-13 19:04:20 INFO  http-nio-8080-exec-1 org.springframework.web.servlet.DispatcherServlet Completed initialization in 5 ms
2024-11-13 19:11:57 INFO  NettyClientSelector_1 RocketmqRemoting closeChannel: close the connection to remote address[192.168.1.208:10911] result: true
2024-11-13 19:11:57 INFO  NettyClientSelector_1 RocketmqRemoting closeChannel: close the connection to remote address[192.168.1.208:9876] result: true
2024-11-13 19:11:57 INFO  SpringContextShutdownHook org.apache.rocketmq.spring.support.DefaultRocketMQListenerContainer container destroyed, DefaultRocketMQListenerContainer{consumerGroup='java_utils_batch_test', nameServer='192.168.1.208:9876', topic='java_utils_batch_test', consumeMode=ORDERLY, selectorType=TAG, selectorExpression='*', messageModel=CLUSTERING}
2024-11-13 19:11:57 INFO  SpringContextShutdownHook org.springframework.scheduling.concurrent.ThreadPoolTaskExecutor Shutting down ExecutorService 'AsyncThreadPool'
2024-11-13 19:11:57 INFO  NettyClientSelector_1 RocketmqRemoting closeChannel: close the connection to remote address[192.168.1.208:10911] result: true
2024-11-13 19:11:57 INFO  NettyClientSelector_1 RocketmqRemoting closeChannel: close the connection to remote address[192.168.1.208:9876] result: true
2024-11-13 19:11:57 INFO  NettyClientSelector_1 RocketmqRemoting closeChannel: close the connection to remote address[192.168.1.208:10911] result: true
2024-11-13 19:11:57 INFO  NettyClientSelector_1 RocketmqRemoting closeChannel: close the connection to remote address[192.168.1.208:9876] result: true
2024-11-13 19:11:57 INFO  SpringContextShutdownHook com.baomidou.dynamic.datasource.DynamicRoutingDataSource dynamic-datasource start closing ....
2024-11-13 19:11:57 INFO  SpringContextShutdownHook com.zaxxer.hikari.HikariDataSource quartz - Shutdown initiated...
2024-11-13 19:11:57 INFO  SpringContextShutdownHook com.zaxxer.hikari.HikariDataSource quartz - Shutdown completed.
2024-11-13 19:11:57 INFO  SpringContextShutdownHook com.zaxxer.hikari.HikariDataSource base - Shutdown initiated...
2024-11-13 19:11:57 INFO  SpringContextShutdownHook com.zaxxer.hikari.HikariDataSource base - Shutdown completed.
2024-11-13 19:11:57 INFO  SpringContextShutdownHook com.baomidou.dynamic.datasource.DynamicRoutingDataSource dynamic-datasource all closed success,bye
2024-11-13 19:12:04 INFO  main com.weng.system.JavaUtilsApplication Starting JavaUtilsApplication on LAPTOP-1DCAR7C2 with PID 25824 (E:\JavaOwnIdea\javaUtils\target\classes started by 23621 in E:\JavaOwnIdea\javaUtils)
2024-11-13 19:12:04 INFO  main com.weng.system.JavaUtilsApplication The following profiles are active: dev
2024-11-13 19:12:05 INFO  main org.springframework.data.repository.config.RepositoryConfigurationDelegate Multiple Spring Data modules found, entering strict repository configuration mode!
2024-11-13 19:12:05 INFO  main org.springframework.data.repository.config.RepositoryConfigurationDelegate Bootstrapping Spring Data repositories in DEFAULT mode.
2024-11-13 19:12:05 INFO  main org.springframework.data.repository.config.RepositoryConfigurationDelegate Finished Spring Data repository scanning in 18ms. Found 0 repository interfaces.
2024-11-13 19:12:05 INFO  main org.springframework.context.support.PostProcessorRegistrationDelegate$BeanPostProcessorChecker Bean 'spring.datasource.dynamic-com.baomidou.dynamic.datasource.spring.boot.autoconfigure.DynamicDataSourceProperties' of type [com.baomidou.dynamic.datasource.spring.boot.autoconfigure.DynamicDataSourceProperties] is not eligible for getting processed by all BeanPostProcessors (for example: not eligible for auto-proxying)
2024-11-13 19:12:05 INFO  main org.springframework.context.support.PostProcessorRegistrationDelegate$BeanPostProcessorChecker Bean 'com.baomidou.dynamic.datasource.spring.boot.autoconfigure.DynamicDataSourceAutoConfiguration' of type [com.baomidou.dynamic.datasource.spring.boot.autoconfigure.DynamicDataSourceAutoConfiguration$$EnhancerBySpringCGLIB$$b45a964e] is not eligible for getting processed by all BeanPostProcessors (for example: not eligible for auto-proxying)
2024-11-13 19:12:05 INFO  main org.springframework.context.support.PostProcessorRegistrationDelegate$BeanPostProcessorChecker Bean 'dsProcessor' of type [com.baomidou.dynamic.datasource.processor.DsHeaderProcessor] is not eligible for getting processed by all BeanPostProcessors (for example: not eligible for auto-proxying)
2024-11-13 19:12:05 INFO  main org.springframework.context.support.PostProcessorRegistrationDelegate$BeanPostProcessorChecker Bean 'dynamicDatasourceAnnotationAdvisor' of type [com.baomidou.dynamic.datasource.aop.DynamicDataSourceAnnotationAdvisor] is not eligible for getting processed by all BeanPostProcessors (for example: not eligible for auto-proxying)
2024-11-13 19:12:05 INFO  main org.springframework.context.support.PostProcessorRegistrationDelegate$BeanPostProcessorChecker Bean 'org.springframework.transaction.annotation.ProxyTransactionManagementConfiguration' of type [org.springframework.transaction.annotation.ProxyTransactionManagementConfiguration] is not eligible for getting processed by all BeanPostProcessors (for example: not eligible for auto-proxying)
2024-11-13 19:12:05 INFO  main org.springframework.boot.web.embedded.tomcat.TomcatWebServer Tomcat initialized with port(s): 8080 (http)
2024-11-13 19:12:05 INFO  main org.apache.coyote.http11.Http11NioProtocol Initializing ProtocolHandler ["http-nio-8080"]
2024-11-13 19:12:05 INFO  main org.apache.catalina.core.StandardService Starting service [Tomcat]
2024-11-13 19:12:05 INFO  main org.apache.catalina.core.StandardEngine Starting Servlet engine: [Apache Tomcat/9.0.27]
2024-11-13 19:12:05 INFO  main org.apache.catalina.core.ContainerBase.[Tomcat].[localhost].[/javaUtils] Initializing Spring embedded WebApplicationContext
2024-11-13 19:12:05 INFO  main org.springframework.web.context.ContextLoader Root WebApplicationContext: initialization completed in 1339 ms
2024-11-13 19:12:05 INFO  main com.baomidou.dynamic.datasource.DynamicRoutingDataSource dynamic-datasource detect P6SPY plugin and enabled it
2024-11-13 19:12:06 INFO  main com.zaxxer.hikari.HikariDataSource base - Starting...
2024-11-13 19:12:06 INFO  main com.zaxxer.hikari.HikariDataSource base - Start completed.
2024-11-13 19:12:06 INFO  main com.zaxxer.hikari.HikariDataSource quartz - Starting...
2024-11-13 19:12:06 INFO  main com.zaxxer.hikari.HikariDataSource quartz - Start completed.
2024-11-13 19:12:06 INFO  main com.baomidou.dynamic.datasource.DynamicRoutingDataSource dynamic-datasource - load a datasource named [quartz] success
2024-11-13 19:12:06 INFO  main com.baomidou.dynamic.datasource.DynamicRoutingDataSource dynamic-datasource - load a datasource named [base] success
2024-11-13 19:12:06 INFO  main com.baomidou.dynamic.datasource.DynamicRoutingDataSource dynamic-datasource initial loaded [2] datasource,primary datasource named [base]
2024-11-13 19:12:11 INFO  main org.springframework.scheduling.concurrent.ThreadPoolTaskExecutor Initializing ExecutorService
2024-11-13 19:12:11 INFO  main org.springframework.scheduling.concurrent.ThreadPoolTaskExecutor Initializing ExecutorService 'AsyncThreadPool'
2024-11-13 19:12:11 INFO  main org.springframework.boot.actuate.endpoint.web.EndpointLinksResolver Exposing 2 endpoint(s) beneath base path '/actuator'
2024-11-13 19:12:14 INFO  main org.apache.rocketmq.spring.support.DefaultRocketMQListenerContainer running container: DefaultRocketMQListenerContainer{consumerGroup='java_utils_batch_test', nameServer='192.168.1.208:9876', topic='java_utils_batch_test', consumeMode=ORDERLY, selectorType=TAG, selectorExpression='*', messageModel=CLUSTERING}
2024-11-13 19:12:14 INFO  main org.apache.rocketmq.spring.autoconfigure.ListenerContainerConfiguration Register the listener to container, listenerBeanName:yuqingTraditionalmediaConsumer, containerBeanName:org.apache.rocketmq.spring.support.DefaultRocketMQListenerContainer_1
2024-11-13 19:12:14 INFO  main org.apache.coyote.http11.Http11NioProtocol Starting ProtocolHandler ["http-nio-8080"]
2024-11-13 19:12:14 INFO  main org.springframework.boot.web.embedded.tomcat.TomcatWebServer Tomcat started on port(s): 8080 (http) with context path '/javaUtils'
2024-11-13 19:12:14 INFO  main com.weng.system.JavaUtilsApplication Started JavaUtilsApplication in 10.084 seconds (JVM running for 11.358)
2024-11-13 19:13:18 INFO  http-nio-8080-exec-1 org.apache.catalina.core.ContainerBase.[Tomcat].[localhost].[/javaUtils] Initializing Spring DispatcherServlet 'dispatcherServlet'
2024-11-13 19:13:18 INFO  http-nio-8080-exec-1 org.springframework.web.servlet.DispatcherServlet Initializing Servlet 'dispatcherServlet'
2024-11-13 19:13:18 INFO  http-nio-8080-exec-1 org.springframework.web.servlet.DispatcherServlet Completed initialization in 4 ms
2024-11-13 19:15:34 INFO  NettyClientSelector_1 RocketmqRemoting closeChannel: close the connection to remote address[192.168.1.208:10911] result: true
2024-11-13 19:15:34 INFO  NettyClientSelector_1 RocketmqRemoting closeChannel: close the connection to remote address[192.168.1.208:9876] result: true
2024-11-13 19:15:34 INFO  SpringContextShutdownHook org.apache.rocketmq.spring.support.DefaultRocketMQListenerContainer container destroyed, DefaultRocketMQListenerContainer{consumerGroup='java_utils_batch_test', nameServer='192.168.1.208:9876', topic='java_utils_batch_test', consumeMode=ORDERLY, selectorType=TAG, selectorExpression='*', messageModel=CLUSTERING}
2024-11-13 19:15:34 INFO  SpringContextShutdownHook org.springframework.scheduling.concurrent.ThreadPoolTaskExecutor Shutting down ExecutorService 'AsyncThreadPool'
2024-11-13 19:15:34 INFO  NettyClientSelector_1 RocketmqRemoting closeChannel: close the connection to remote address[192.168.1.208:10911] result: true
2024-11-13 19:15:34 INFO  NettyClientSelector_1 RocketmqRemoting closeChannel: close the connection to remote address[192.168.1.208:9876] result: true
2024-11-13 19:15:34 INFO  NettyClientSelector_1 RocketmqRemoting closeChannel: close the connection to remote address[192.168.1.208:10911] result: true
2024-11-13 19:15:34 INFO  NettyClientSelector_1 RocketmqRemoting closeChannel: close the connection to remote address[192.168.1.208:9876] result: true
2024-11-13 19:15:34 INFO  SpringContextShutdownHook com.baomidou.dynamic.datasource.DynamicRoutingDataSource dynamic-datasource start closing ....
2024-11-13 19:15:34 INFO  SpringContextShutdownHook com.zaxxer.hikari.HikariDataSource quartz - Shutdown initiated...
2024-11-13 19:15:34 INFO  SpringContextShutdownHook com.zaxxer.hikari.HikariDataSource quartz - Shutdown completed.
2024-11-13 19:15:34 INFO  SpringContextShutdownHook com.zaxxer.hikari.HikariDataSource base - Shutdown initiated...
2024-11-13 19:15:34 INFO  SpringContextShutdownHook com.zaxxer.hikari.HikariDataSource base - Shutdown completed.
2024-11-13 19:15:34 INFO  SpringContextShutdownHook com.baomidou.dynamic.datasource.DynamicRoutingDataSource dynamic-datasource all closed success,bye
2024-11-13 19:15:40 INFO  main com.weng.system.JavaUtilsApplication Starting JavaUtilsApplication on LAPTOP-1DCAR7C2 with PID 29000 (E:\JavaOwnIdea\javaUtils\target\classes started by 23621 in E:\JavaOwnIdea\javaUtils)
2024-11-13 19:15:40 INFO  main com.weng.system.JavaUtilsApplication The following profiles are active: dev
2024-11-13 19:15:40 INFO  main org.springframework.data.repository.config.RepositoryConfigurationDelegate Multiple Spring Data modules found, entering strict repository configuration mode!
2024-11-13 19:15:40 INFO  main org.springframework.data.repository.config.RepositoryConfigurationDelegate Bootstrapping Spring Data repositories in DEFAULT mode.
2024-11-13 19:15:40 INFO  main org.springframework.data.repository.config.RepositoryConfigurationDelegate Finished Spring Data repository scanning in 17ms. Found 0 repository interfaces.
2024-11-13 19:15:41 INFO  main org.springframework.context.support.PostProcessorRegistrationDelegate$BeanPostProcessorChecker Bean 'spring.datasource.dynamic-com.baomidou.dynamic.datasource.spring.boot.autoconfigure.DynamicDataSourceProperties' of type [com.baomidou.dynamic.datasource.spring.boot.autoconfigure.DynamicDataSourceProperties] is not eligible for getting processed by all BeanPostProcessors (for example: not eligible for auto-proxying)
2024-11-13 19:15:41 INFO  main org.springframework.context.support.PostProcessorRegistrationDelegate$BeanPostProcessorChecker Bean 'com.baomidou.dynamic.datasource.spring.boot.autoconfigure.DynamicDataSourceAutoConfiguration' of type [com.baomidou.dynamic.datasource.spring.boot.autoconfigure.DynamicDataSourceAutoConfiguration$$EnhancerBySpringCGLIB$$814d382b] is not eligible for getting processed by all BeanPostProcessors (for example: not eligible for auto-proxying)
2024-11-13 19:15:41 INFO  main org.springframework.context.support.PostProcessorRegistrationDelegate$BeanPostProcessorChecker Bean 'dsProcessor' of type [com.baomidou.dynamic.datasource.processor.DsHeaderProcessor] is not eligible for getting processed by all BeanPostProcessors (for example: not eligible for auto-proxying)
2024-11-13 19:15:41 INFO  main org.springframework.context.support.PostProcessorRegistrationDelegate$BeanPostProcessorChecker Bean 'dynamicDatasourceAnnotationAdvisor' of type [com.baomidou.dynamic.datasource.aop.DynamicDataSourceAnnotationAdvisor] is not eligible for getting processed by all BeanPostProcessors (for example: not eligible for auto-proxying)
2024-11-13 19:15:41 INFO  main org.springframework.context.support.PostProcessorRegistrationDelegate$BeanPostProcessorChecker Bean 'org.springframework.transaction.annotation.ProxyTransactionManagementConfiguration' of type [org.springframework.transaction.annotation.ProxyTransactionManagementConfiguration] is not eligible for getting processed by all BeanPostProcessors (for example: not eligible for auto-proxying)
2024-11-13 19:15:41 INFO  main org.springframework.boot.web.embedded.tomcat.TomcatWebServer Tomcat initialized with port(s): 8080 (http)
2024-11-13 19:15:41 INFO  main org.apache.coyote.http11.Http11NioProtocol Initializing ProtocolHandler ["http-nio-8080"]
2024-11-13 19:15:41 INFO  main org.apache.catalina.core.StandardService Starting service [Tomcat]
2024-11-13 19:15:41 INFO  main org.apache.catalina.core.StandardEngine Starting Servlet engine: [Apache Tomcat/9.0.27]
2024-11-13 19:15:41 INFO  main org.apache.catalina.core.ContainerBase.[Tomcat].[localhost].[/javaUtils] Initializing Spring embedded WebApplicationContext
2024-11-13 19:15:41 INFO  main org.springframework.web.context.ContextLoader Root WebApplicationContext: initialization completed in 1307 ms
2024-11-13 19:15:41 INFO  main com.baomidou.dynamic.datasource.DynamicRoutingDataSource dynamic-datasource detect P6SPY plugin and enabled it
2024-11-13 19:15:41 INFO  main com.zaxxer.hikari.HikariDataSource base - Starting...
2024-11-13 19:15:42 INFO  main com.zaxxer.hikari.HikariDataSource base - Start completed.
2024-11-13 19:15:42 INFO  main com.zaxxer.hikari.HikariDataSource quartz - Starting...
2024-11-13 19:15:42 INFO  main com.zaxxer.hikari.HikariDataSource quartz - Start completed.
2024-11-13 19:15:42 INFO  main com.baomidou.dynamic.datasource.DynamicRoutingDataSource dynamic-datasource - load a datasource named [quartz] success
2024-11-13 19:15:42 INFO  main com.baomidou.dynamic.datasource.DynamicRoutingDataSource dynamic-datasource - load a datasource named [base] success
2024-11-13 19:15:42 INFO  main com.baomidou.dynamic.datasource.DynamicRoutingDataSource dynamic-datasource initial loaded [2] datasource,primary datasource named [base]
2024-11-13 19:15:47 INFO  main org.springframework.scheduling.concurrent.ThreadPoolTaskExecutor Initializing ExecutorService
2024-11-13 19:15:47 INFO  main org.springframework.scheduling.concurrent.ThreadPoolTaskExecutor Initializing ExecutorService 'AsyncThreadPool'
2024-11-13 19:15:47 INFO  main org.springframework.boot.actuate.endpoint.web.EndpointLinksResolver Exposing 2 endpoint(s) beneath base path '/actuator'
2024-11-13 19:15:49 INFO  main org.apache.rocketmq.spring.support.DefaultRocketMQListenerContainer running container: DefaultRocketMQListenerContainer{consumerGroup='java_utils_batch_test', nameServer='192.168.1.208:9876', topic='java_utils_batch_test', consumeMode=ORDERLY, selectorType=TAG, selectorExpression='*', messageModel=CLUSTERING}
2024-11-13 19:15:49 INFO  main org.apache.rocketmq.spring.autoconfigure.ListenerContainerConfiguration Register the listener to container, listenerBeanName:yuqingTraditionalmediaConsumer, containerBeanName:org.apache.rocketmq.spring.support.DefaultRocketMQListenerContainer_1
2024-11-13 19:15:49 INFO  main org.apache.coyote.http11.Http11NioProtocol Starting ProtocolHandler ["http-nio-8080"]
2024-11-13 19:15:49 INFO  main org.springframework.boot.web.embedded.tomcat.TomcatWebServer Tomcat started on port(s): 8080 (http) with context path '/javaUtils'
2024-11-13 19:15:49 INFO  main com.weng.system.JavaUtilsApplication Started JavaUtilsApplication in 9.892 seconds (JVM running for 11.166)
2024-11-13 19:16:15 INFO  http-nio-8080-exec-1 org.apache.catalina.core.ContainerBase.[Tomcat].[localhost].[/javaUtils] Initializing Spring DispatcherServlet 'dispatcherServlet'
2024-11-13 19:16:15 INFO  http-nio-8080-exec-1 org.springframework.web.servlet.DispatcherServlet Initializing Servlet 'dispatcherServlet'
2024-11-13 19:16:15 INFO  http-nio-8080-exec-1 org.springframework.web.servlet.DispatcherServlet Completed initialization in 5 ms
2024-11-13 19:26:37 INFO  NettyClientSelector_1 RocketmqRemoting closeChannel: close the connection to remote address[192.168.1.208:10911] result: true
2024-11-13 19:26:37 INFO  NettyClientSelector_1 RocketmqRemoting closeChannel: close the connection to remote address[192.168.1.208:9876] result: true
2024-11-13 19:26:37 INFO  SpringContextShutdownHook org.apache.rocketmq.spring.support.DefaultRocketMQListenerContainer container destroyed, DefaultRocketMQListenerContainer{consumerGroup='java_utils_batch_test', nameServer='192.168.1.208:9876', topic='java_utils_batch_test', consumeMode=ORDERLY, selectorType=TAG, selectorExpression='*', messageModel=CLUSTERING}
2024-11-13 19:26:37 INFO  SpringContextShutdownHook org.springframework.scheduling.concurrent.ThreadPoolTaskExecutor Shutting down ExecutorService 'AsyncThreadPool'
2024-11-13 19:26:37 INFO  NettyClientSelector_1 RocketmqRemoting closeChannel: close the connection to remote address[192.168.1.208:10911] result: true
2024-11-13 19:26:37 INFO  NettyClientSelector_1 RocketmqRemoting closeChannel: close the connection to remote address[192.168.1.208:9876] result: true
2024-11-13 19:26:37 INFO  NettyClientSelector_1 RocketmqRemoting closeChannel: close the connection to remote address[192.168.1.208:9876] result: true
2024-11-13 19:26:37 INFO  NettyClientSelector_1 RocketmqRemoting closeChannel: close the connection to remote address[192.168.1.208:10911] result: true
2024-11-13 19:26:37 INFO  SpringContextShutdownHook com.baomidou.dynamic.datasource.DynamicRoutingDataSource dynamic-datasource start closing ....
2024-11-13 19:26:37 INFO  SpringContextShutdownHook com.zaxxer.hikari.HikariDataSource quartz - Shutdown initiated...
2024-11-13 19:26:37 INFO  SpringContextShutdownHook com.zaxxer.hikari.HikariDataSource quartz - Shutdown completed.
2024-11-13 19:26:37 INFO  SpringContextShutdownHook com.zaxxer.hikari.HikariDataSource base - Shutdown initiated...
2024-11-13 19:26:37 INFO  SpringContextShutdownHook com.zaxxer.hikari.HikariDataSource base - Shutdown completed.
2024-11-13 19:26:37 INFO  SpringContextShutdownHook com.baomidou.dynamic.datasource.DynamicRoutingDataSource dynamic-datasource all closed success,bye
2024-11-13 19:26:43 INFO  main com.weng.system.JavaUtilsApplication Starting JavaUtilsApplication on LAPTOP-1DCAR7C2 with PID 5880 (E:\JavaOwnIdea\javaUtils\target\classes started by 23621 in E:\JavaOwnIdea\javaUtils)
2024-11-13 19:26:43 INFO  main com.weng.system.JavaUtilsApplication The following profiles are active: dev
2024-11-13 19:26:44 INFO  main org.springframework.data.repository.config.RepositoryConfigurationDelegate Multiple Spring Data modules found, entering strict repository configuration mode!
2024-11-13 19:26:44 INFO  main org.springframework.data.repository.config.RepositoryConfigurationDelegate Bootstrapping Spring Data repositories in DEFAULT mode.
2024-11-13 19:26:44 INFO  main org.springframework.data.repository.config.RepositoryConfigurationDelegate Finished Spring Data repository scanning in 16ms. Found 0 repository interfaces.
2024-11-13 19:26:44 INFO  main org.springframework.context.support.PostProcessorRegistrationDelegate$BeanPostProcessorChecker Bean 'spring.datasource.dynamic-com.baomidou.dynamic.datasource.spring.boot.autoconfigure.DynamicDataSourceProperties' of type [com.baomidou.dynamic.datasource.spring.boot.autoconfigure.DynamicDataSourceProperties] is not eligible for getting processed by all BeanPostProcessors (for example: not eligible for auto-proxying)
2024-11-13 19:26:44 INFO  main org.springframework.context.support.PostProcessorRegistrationDelegate$BeanPostProcessorChecker Bean 'com.baomidou.dynamic.datasource.spring.boot.autoconfigure.DynamicDataSourceAutoConfiguration' of type [com.baomidou.dynamic.datasource.spring.boot.autoconfigure.DynamicDataSourceAutoConfiguration$$EnhancerBySpringCGLIB$$c7864f6d] is not eligible for getting processed by all BeanPostProcessors (for example: not eligible for auto-proxying)
2024-11-13 19:26:44 INFO  main org.springframework.context.support.PostProcessorRegistrationDelegate$BeanPostProcessorChecker Bean 'dsProcessor' of type [com.baomidou.dynamic.datasource.processor.DsHeaderProcessor] is not eligible for getting processed by all BeanPostProcessors (for example: not eligible for auto-proxying)
2024-11-13 19:26:44 INFO  main org.springframework.context.support.PostProcessorRegistrationDelegate$BeanPostProcessorChecker Bean 'dynamicDatasourceAnnotationAdvisor' of type [com.baomidou.dynamic.datasource.aop.DynamicDataSourceAnnotationAdvisor] is not eligible for getting processed by all BeanPostProcessors (for example: not eligible for auto-proxying)
2024-11-13 19:26:44 INFO  main org.springframework.context.support.PostProcessorRegistrationDelegate$BeanPostProcessorChecker Bean 'org.springframework.transaction.annotation.ProxyTransactionManagementConfiguration' of type [org.springframework.transaction.annotation.ProxyTransactionManagementConfiguration] is not eligible for getting processed by all BeanPostProcessors (for example: not eligible for auto-proxying)
2024-11-13 19:26:44 INFO  main org.springframework.boot.web.embedded.tomcat.TomcatWebServer Tomcat initialized with port(s): 8080 (http)
2024-11-13 19:26:44 INFO  main org.apache.coyote.http11.Http11NioProtocol Initializing ProtocolHandler ["http-nio-8080"]
2024-11-13 19:26:44 INFO  main org.apache.catalina.core.StandardService Starting service [Tomcat]
2024-11-13 19:26:44 INFO  main org.apache.catalina.core.StandardEngine Starting Servlet engine: [Apache Tomcat/9.0.27]
2024-11-13 19:26:44 INFO  main org.apache.catalina.core.ContainerBase.[Tomcat].[localhost].[/javaUtils] Initializing Spring embedded WebApplicationContext
2024-11-13 19:26:44 INFO  main org.springframework.web.context.ContextLoader Root WebApplicationContext: initialization completed in 1329 ms
2024-11-13 19:26:44 INFO  main com.baomidou.dynamic.datasource.DynamicRoutingDataSource dynamic-datasource detect P6SPY plugin and enabled it
2024-11-13 19:26:44 INFO  main com.zaxxer.hikari.HikariDataSource base - Starting...
2024-11-13 19:26:45 INFO  main com.zaxxer.hikari.HikariDataSource base - Start completed.
2024-11-13 19:26:45 INFO  main com.zaxxer.hikari.HikariDataSource quartz - Starting...
2024-11-13 19:26:45 INFO  main com.zaxxer.hikari.HikariDataSource quartz - Start completed.
2024-11-13 19:26:45 INFO  main com.baomidou.dynamic.datasource.DynamicRoutingDataSource dynamic-datasource - load a datasource named [quartz] success
2024-11-13 19:26:45 INFO  main com.baomidou.dynamic.datasource.DynamicRoutingDataSource dynamic-datasource - load a datasource named [base] success
2024-11-13 19:26:45 INFO  main com.baomidou.dynamic.datasource.DynamicRoutingDataSource dynamic-datasource initial loaded [2] datasource,primary datasource named [base]
2024-11-13 19:26:50 INFO  main org.springframework.scheduling.concurrent.ThreadPoolTaskExecutor Initializing ExecutorService
2024-11-13 19:26:50 INFO  main org.springframework.scheduling.concurrent.ThreadPoolTaskExecutor Initializing ExecutorService 'AsyncThreadPool'
2024-11-13 19:26:50 INFO  main org.springframework.boot.actuate.endpoint.web.EndpointLinksResolver Exposing 2 endpoint(s) beneath base path '/actuator'
2024-11-13 19:26:52 INFO  main org.apache.rocketmq.spring.support.DefaultRocketMQListenerContainer running container: DefaultRocketMQListenerContainer{consumerGroup='java_utils_batch_test', nameServer='192.168.1.208:9876', topic='java_utils_batch_test', consumeMode=ORDERLY, selectorType=TAG, selectorExpression='*', messageModel=CLUSTERING}
2024-11-13 19:26:52 INFO  main org.apache.rocketmq.spring.autoconfigure.ListenerContainerConfiguration Register the listener to container, listenerBeanName:yuqingTraditionalmediaConsumer, containerBeanName:org.apache.rocketmq.spring.support.DefaultRocketMQListenerContainer_1
2024-11-13 19:26:52 INFO  main org.apache.coyote.http11.Http11NioProtocol Starting ProtocolHandler ["http-nio-8080"]
2024-11-13 19:26:52 INFO  main org.springframework.boot.web.embedded.tomcat.TomcatWebServer Tomcat started on port(s): 8080 (http) with context path '/javaUtils'
2024-11-13 19:26:52 INFO  main com.weng.system.JavaUtilsApplication Started JavaUtilsApplication in 9.971 seconds (JVM running for 11.28)
2024-11-13 19:27:12 INFO  http-nio-8080-exec-1 org.apache.catalina.core.ContainerBase.[Tomcat].[localhost].[/javaUtils] Initializing Spring DispatcherServlet 'dispatcherServlet'
2024-11-13 19:27:12 INFO  http-nio-8080-exec-1 org.springframework.web.servlet.DispatcherServlet Initializing Servlet 'dispatcherServlet'
2024-11-13 19:27:12 INFO  http-nio-8080-exec-1 org.springframework.web.servlet.DispatcherServlet Completed initialization in 4 ms
2024-11-13 21:49:49 INFO  NettyClientSelector_1 RocketmqRemoting closeChannel: close the connection to remote address[192.168.1.208:10911] result: true
2024-11-13 21:49:49 INFO  NettyClientSelector_1 RocketmqRemoting closeChannel: close the connection to remote address[192.168.1.208:9876] result: true
2024-11-13 21:49:49 INFO  SpringContextShutdownHook org.apache.rocketmq.spring.support.DefaultRocketMQListenerContainer container destroyed, DefaultRocketMQListenerContainer{consumerGroup='java_utils_batch_test', nameServer='192.168.1.208:9876', topic='java_utils_batch_test', consumeMode=ORDERLY, selectorType=TAG, selectorExpression='*', messageModel=CLUSTERING}
2024-11-13 21:49:49 INFO  SpringContextShutdownHook org.springframework.scheduling.concurrent.ThreadPoolTaskExecutor Shutting down ExecutorService 'AsyncThreadPool'
2024-11-13 21:49:49 INFO  NettyClientSelector_1 RocketmqRemoting closeChannel: close the connection to remote address[192.168.1.208:9876] result: true
2024-11-13 21:49:49 INFO  NettyClientSelector_1 RocketmqRemoting closeChannel: close the connection to remote address[192.168.1.208:10911] result: true
2024-11-13 21:49:49 INFO  NettyClientSelector_1 RocketmqRemoting closeChannel: close the connection to remote address[192.168.1.208:10911] result: true
2024-11-13 21:49:49 INFO  NettyClientSelector_1 RocketmqRemoting closeChannel: close the connection to remote address[192.168.1.208:9876] result: true
2024-11-13 21:49:49 INFO  SpringContextShutdownHook com.baomidou.dynamic.datasource.DynamicRoutingDataSource dynamic-datasource start closing ....
2024-11-13 21:49:49 INFO  SpringContextShutdownHook com.zaxxer.hikari.HikariDataSource quartz - Shutdown initiated...
2024-11-13 21:49:49 INFO  SpringContextShutdownHook com.zaxxer.hikari.HikariDataSource quartz - Shutdown completed.
2024-11-13 21:49:49 INFO  SpringContextShutdownHook com.zaxxer.hikari.HikariDataSource base - Shutdown initiated...
2024-11-13 21:49:49 INFO  SpringContextShutdownHook com.zaxxer.hikari.HikariDataSource base - Shutdown completed.
2024-11-13 21:49:49 INFO  SpringContextShutdownHook com.baomidou.dynamic.datasource.DynamicRoutingDataSource dynamic-datasource all closed success,bye
